2025/07/06 09:39:51 Generating new server key pair...
2025/07/06 09:39:51 Generated and stored new server key pair
2025/07/06 09:39:51 🐛 Enabling Noise-NK debug mode for detailed logging
2025/07/06 09:39:51 Noise-NK session manager initialized with public key: 39b080c5b9ca00d36d0344dbcf78da11...
2025/07/06 09:39:51 Starting OpenADP JSON-RPC server on :8082
2025/07/06 09:39:51 Database: /tmp/tmp9h0z21su_test_server_8082.db
2025/07/06 09:39:51 Authentication: true
2025/07/06 09:39:51 Server public key: ObCAxbnKANNtA0Tbz3jaEaNwFUmKBp2F...
2025/07/06 09:40:01 Received handshake payload from client: 
2025/07/06 09:40:01 Handshake completed for session 9bb8a36c8e215ce2...
2025/07/06 09:40:01 Successfully decrypted call for session 9bb8a36c8e215ce2...
2025/07/06 09:40:01 Successfully encrypted response and cleaned up session 9bb8a36c8e215ce2...
2025/07/06 09:40:01 Received handshake payload from client: 
2025/07/06 09:40:01 Handshake completed for session 35a9e9b2a472b122...
2025/07/06 09:40:01 Successfully decrypted call for session 35a9e9b2a472b122...
2025/07/06 09:40:01 Successfully encrypted response and cleaned up session 35a9e9b2a472b122...
2025/07/06 09:40:01 Received handshake payload from client: 
2025/07/06 09:40:01 Handshake completed for session 20d8b7715e84633d...
2025/07/06 09:40:01 Successfully decrypted call for session 20d8b7715e84633d...
2025/07/06 09:40:01 Successfully encrypted response and cleaned up session 20d8b7715e84633d...
2025/07/06 09:40:01 Received handshake payload from client: 
2025/07/06 09:40:01 Handshake completed for session 8c893446daa71565...
2025/07/06 09:40:01 Successfully decrypted call for session 8c893446daa71565...
2025/07/06 09:40:01 Successfully encrypted response and cleaned up session 8c893446daa71565...
2025/07/06 09:40:01 Received handshake payload from client: 
2025/07/06 09:40:01 Handshake completed for session ed2054cf938de6d2...
2025/07/06 09:40:01 Successfully decrypted call for session ed2054cf938de6d2...
2025/07/06 09:40:01 Successfully encrypted response and cleaned up session ed2054cf938de6d2...
2025/07/06 09:40:01 Received handshake payload from client: 
2025/07/06 09:40:01 Handshake completed for session e76d3fc05a225fcb...
2025/07/06 09:40:01 Successfully decrypted call for session e76d3fc05a225fcb...
2025/07/06 09:40:01 Successfully encrypted response and cleaned up session e76d3fc05a225fcb...
2025/07/06 09:40:01 Received handshake payload from client: 
2025/07/06 09:40:01 Handshake completed for session f8c501ac93a34329...
2025/07/06 09:40:01 Successfully decrypted call for session f8c501ac93a34329...
2025/07/06 09:40:01 Successfully encrypted response and cleaned up session f8c501ac93a34329...
2025/07/06 09:40:01 Received handshake payload from client: 
2025/07/06 09:40:01 Handshake completed for session session_17518200...
2025/07/06 09:40:01 Successfully decrypted call for session session_17518200...
2025/07/06 09:40:01 Successfully encrypted response and cleaned up session session_17518200...
2025/07/06 09:40:01 Received handshake payload from client: 
2025/07/06 09:40:01 Handshake completed for session session_17518200...
2025/07/06 09:40:01 Successfully decrypted call for session session_17518200...
2025/07/06 09:40:01 Successfully encrypted response and cleaned up session session_17518200...
2025/07/06 09:40:01 Received handshake payload from client: 
2025/07/06 09:40:01 Handshake completed for session 9dcd3debb4760d26...
2025/07/06 09:40:01 Successfully decrypted call for session 9dcd3debb4760d26...
2025/07/06 09:40:01 Successfully encrypted response and cleaned up session 9dcd3debb4760d26...
2025/07/06 09:40:01 Received handshake payload from client: test
2025/07/06 09:40:01 Handshake completed for session hhCDOP/8kPS7+P1v...
2025/07/06 09:40:01 Successfully decrypted call for session hhCDOP/8kPS7+P1v...
2025/07/06 09:40:01 Successfully encrypted response and cleaned up session hhCDOP/8kPS7+P1v...
2025/07/06 09:40:01 Received handshake payload from client: test
2025/07/06 09:40:01 Handshake completed for session gpCJKc3HemAwDIUS...
2025/07/06 09:40:01 Successfully decrypted call for session gpCJKc3HemAwDIUS...
2025/07/06 09:40:01 Successfully encrypted response and cleaned up session gpCJKc3HemAwDIUS...
2025/07/06 09:40:02 Received handshake payload from client: test
2025/07/06 09:40:02 Handshake completed for session 8+QKtbqqqSTzAi9f...
2025/07/06 09:40:02 Successfully decrypted call for session 8+QKtbqqqSTzAi9f...
2025/07/06 09:40:02 Successfully encrypted response and cleaned up session 8+QKtbqqqSTzAi9f...
2025/07/06 09:40:02 Received handshake payload from client: test
2025/07/06 09:40:02 Handshake completed for session zh3+UGMvZBkaJszB...
2025/07/06 09:40:02 Successfully decrypted call for session zh3+UGMvZBkaJszB...
2025/07/06 09:40:02 Successfully encrypted response and cleaned up session zh3+UGMvZBkaJszB...
2025/07/06 09:40:02 Received handshake payload from client: 
2025/07/06 09:40:02 Handshake completed for session 62505579107ead05...
2025/07/06 09:40:02 Successfully decrypted call for session 62505579107ead05...
2025/07/06 09:40:02 Successfully encrypted response and cleaned up session 62505579107ead05...
2025/07/06 09:40:02 Received handshake payload from client: 
2025/07/06 09:40:02 Handshake completed for session bb4bcc699263f4bd...
2025/07/06 09:40:02 Successfully decrypted call for session bb4bcc699263f4bd...
2025/07/06 09:40:02 Successfully encrypted response and cleaned up session bb4bcc699263f4bd...
2025/07/06 09:40:02 Received handshake payload from client: 
2025/07/06 09:40:02 Handshake completed for session 581f48ca66c1dd5a...
2025/07/06 09:40:02 Successfully decrypted call for session 581f48ca66c1dd5a...
2025/07/06 09:40:02 Successfully encrypted response and cleaned up session 581f48ca66c1dd5a...
2025/07/06 09:40:02 Received handshake payload from client: 
2025/07/06 09:40:02 Handshake completed for session 2400d29a93d4e6ed...
2025/07/06 09:40:02 Successfully decrypted call for session 2400d29a93d4e6ed...
2025/07/06 09:40:02 Successfully encrypted response and cleaned up session 2400d29a93d4e6ed...
2025/07/06 09:40:02 Received handshake payload from client: 
2025/07/06 09:40:02 Handshake completed for session d9738cd9619808e6...
2025/07/06 09:40:02 Successfully decrypted call for session d9738cd9619808e6...
2025/07/06 09:40:02 Successfully encrypted response and cleaned up session d9738cd9619808e6...
2025/07/06 09:40:02 Received handshake payload from client: 
2025/07/06 09:40:02 Handshake completed for session 776ba91f57d82b0a...
2025/07/06 09:40:02 Successfully decrypted call for session 776ba91f57d82b0a...
2025/07/06 09:40:02 Successfully encrypted response and cleaned up session 776ba91f57d82b0a...
2025/07/06 09:40:02 Received handshake payload from client: 
2025/07/06 09:40:02 Handshake completed for session a0dcd070dc5b65f2...
2025/07/06 09:40:02 Successfully decrypted call for session a0dcd070dc5b65f2...
2025/07/06 09:40:02 Successfully encrypted response and cleaned up session a0dcd070dc5b65f2...
2025/07/06 09:40:02 Received handshake payload from client: 
2025/07/06 09:40:02 Handshake completed for session b2d2c217a9a3deb3...
2025/07/06 09:40:02 Successfully decrypted call for session b2d2c217a9a3deb3...
2025/07/06 09:40:02 Successfully encrypted response and cleaned up session b2d2c217a9a3deb3...
2025/07/06 09:40:02 Received handshake payload from client: 
2025/07/06 09:40:02 Handshake completed for session 4e14af96c268ef0f...
2025/07/06 09:40:02 Successfully decrypted call for session 4e14af96c268ef0f...
2025/07/06 09:40:02 Successfully encrypted response and cleaned up session 4e14af96c268ef0f...
2025/07/06 09:40:02 Received handshake payload from client: 
2025/07/06 09:40:02 Handshake completed for session cc1e0baf7d46df08...
2025/07/06 09:40:02 Successfully decrypted call for session cc1e0baf7d46df08...
2025/07/06 09:40:02 Successfully encrypted response and cleaned up session cc1e0baf7d46df08...
2025/07/06 09:40:03 Received handshake payload from client: 
2025/07/06 09:40:03 Handshake completed for session 7f3956f89a9cf901...
2025/07/06 09:40:03 Successfully decrypted call for session 7f3956f89a9cf901...
2025/07/06 09:40:03 Successfully encrypted response and cleaned up session 7f3956f89a9cf901...
2025/07/06 09:40:03 Received handshake payload from client: 
2025/07/06 09:40:03 Handshake completed for session session_17518200...
2025/07/06 09:40:03 Successfully decrypted call for session session_17518200...
2025/07/06 09:40:03 Successfully encrypted response and cleaned up session session_17518200...
2025/07/06 09:40:03 Received handshake payload from client: 
2025/07/06 09:40:03 Handshake completed for session session_17518200...
2025/07/06 09:40:03 Successfully decrypted call for session session_17518200...
2025/07/06 09:40:03 Successfully encrypted response and cleaned up session session_17518200...
2025/07/06 09:40:03 Received handshake payload from client: 
2025/07/06 09:40:03 Handshake completed for session 6640e7adc71f2618...
2025/07/06 09:40:03 Successfully decrypted call for session 6640e7adc71f2618...
2025/07/06 09:40:03 Successfully encrypted response and cleaned up session 6640e7adc71f2618...
2025/07/06 09:40:03 Received handshake payload from client: test
2025/07/06 09:40:03 Handshake completed for session nOlA1vqFlngKlfog...
2025/07/06 09:40:03 Successfully decrypted call for session nOlA1vqFlngKlfog...
2025/07/06 09:40:03 Successfully encrypted response and cleaned up session nOlA1vqFlngKlfog...
2025/07/06 09:40:03 Received handshake payload from client: test
2025/07/06 09:40:03 Handshake completed for session hU2tT/c4wOZox4T/...
2025/07/06 09:40:03 Successfully decrypted call for session hU2tT/c4wOZox4T/...
2025/07/06 09:40:03 Successfully encrypted response and cleaned up session hU2tT/c4wOZox4T/...
2025/07/06 09:40:04 Received handshake payload from client: test
2025/07/06 09:40:04 Handshake completed for session J6M8jvCeelydl8xx...
2025/07/06 09:40:04 Successfully decrypted call for session J6M8jvCeelydl8xx...
2025/07/06 09:40:04 Successfully encrypted response and cleaned up session J6M8jvCeelydl8xx...
2025/07/06 09:40:04 Received handshake payload from client: test
2025/07/06 09:40:04 Handshake completed for session rTJecpy9KhPeLH/b...
2025/07/06 09:40:04 Successfully decrypted call for session rTJecpy9KhPeLH/b...
2025/07/06 09:40:04 Successfully encrypted response and cleaned up session rTJecpy9KhPeLH/b...
2025/07/06 09:40:04 Received handshake payload from client: 
2025/07/06 09:40:04 Handshake completed for session 51db15a8bbb755c9...
2025/07/06 09:40:04 Successfully decrypted call for session 51db15a8bbb755c9...
2025/07/06 09:40:04 Successfully encrypted response and cleaned up session 51db15a8bbb755c9...
2025/07/06 09:40:04 Received handshake payload from client: 
2025/07/06 09:40:04 Handshake completed for session afd653ee2d5e2728...
2025/07/06 09:40:04 Successfully decrypted call for session afd653ee2d5e2728...
2025/07/06 09:40:04 Successfully encrypted response and cleaned up session afd653ee2d5e2728...
2025/07/06 09:40:04 Received handshake payload from client: 
2025/07/06 09:40:04 Handshake completed for session 0338c30cf417bbb5...
2025/07/06 09:40:04 Successfully decrypted call for session 0338c30cf417bbb5...
2025/07/06 09:40:04 Successfully encrypted response and cleaned up session 0338c30cf417bbb5...
2025/07/06 09:40:04 Received handshake payload from client: 
2025/07/06 09:40:04 Handshake completed for session 3827d5ab881c526e...
2025/07/06 09:40:04 Successfully decrypted call for session 3827d5ab881c526e...
2025/07/06 09:40:04 Successfully encrypted response and cleaned up session 3827d5ab881c526e...
2025/07/06 09:40:04 Received handshake payload from client: 
2025/07/06 09:40:04 Handshake completed for session session_17518200...
2025/07/06 09:40:04 Successfully decrypted call for session session_17518200...
2025/07/06 09:40:04 Successfully encrypted response and cleaned up session session_17518200...
2025/07/06 09:40:04 Received handshake payload from client: 
2025/07/06 09:40:04 Handshake completed for session d6b73fa311856ee5...
2025/07/06 09:40:04 Successfully decrypted call for session d6b73fa311856ee5...
2025/07/06 09:40:04 Successfully encrypted response and cleaned up session d6b73fa311856ee5...
2025/07/06 09:40:04 Received handshake payload from client: 
2025/07/06 09:40:04 Handshake completed for session 93e06dd175c87b24...
2025/07/06 09:40:04 Successfully decrypted call for session 93e06dd175c87b24...
2025/07/06 09:40:04 Successfully encrypted response and cleaned up session 93e06dd175c87b24...
2025/07/06 09:40:04 Received handshake payload from client: 
2025/07/06 09:40:04 Handshake completed for session session_17518200...
2025/07/06 09:40:04 Successfully decrypted call for session session_17518200...
2025/07/06 09:40:04 Successfully encrypted response and cleaned up session session_17518200...
2025/07/06 09:40:04 Received handshake payload from client: 
2025/07/06 09:40:04 Handshake completed for session 4914a36ee014ab13...
2025/07/06 09:40:04 Successfully decrypted call for session 4914a36ee014ab13...
2025/07/06 09:40:04 Successfully encrypted response and cleaned up session 4914a36ee014ab13...
2025/07/06 09:40:04 Received handshake payload from client: 
2025/07/06 09:40:04 Handshake completed for session d86310bd4c06619a...
2025/07/06 09:40:04 Successfully decrypted call for session d86310bd4c06619a...
2025/07/06 09:40:04 Successfully encrypted response and cleaned up session d86310bd4c06619a...
2025/07/06 09:40:05 Received handshake payload from client: 
2025/07/06 09:40:05 Handshake completed for session session_17518200...
2025/07/06 09:40:05 Successfully decrypted call for session session_17518200...
2025/07/06 09:40:05 Successfully encrypted response and cleaned up session session_17518200...
2025/07/06 09:40:05 Received handshake payload from client: 
2025/07/06 09:40:05 Handshake completed for session session_17518200...
2025/07/06 09:40:05 Successfully decrypted call for session session_17518200...
2025/07/06 09:40:05 Successfully encrypted response and cleaned up session session_17518200...
2025/07/06 09:40:05 Received handshake payload from client: 
2025/07/06 09:40:05 Handshake completed for session session_17518200...
2025/07/06 09:40:05 Successfully decrypted call for session session_17518200...
2025/07/06 09:40:05 Successfully encrypted response and cleaned up session session_17518200...
2025/07/06 09:40:05 Received handshake payload from client: 
2025/07/06 09:40:05 Handshake completed for session session_17518200...
2025/07/06 09:40:05 Successfully decrypted call for session session_17518200...
2025/07/06 09:40:05 Successfully encrypted response and cleaned up session session_17518200...
2025/07/06 09:40:05 Received handshake payload from client: test
2025/07/06 09:40:05 Handshake completed for session nI7Pyjh9/sCYDnr4...
2025/07/06 09:40:05 Successfully decrypted call for session nI7Pyjh9/sCYDnr4...
2025/07/06 09:40:05 Successfully encrypted response and cleaned up session nI7Pyjh9/sCYDnr4...
2025/07/06 09:40:05 Received handshake payload from client: test
2025/07/06 09:40:05 Handshake completed for session eGxHydwA9E9VyRwa...
2025/07/06 09:40:05 Successfully decrypted call for session eGxHydwA9E9VyRwa...
2025/07/06 09:40:05 Successfully encrypted response and cleaned up session eGxHydwA9E9VyRwa...
2025/07/06 09:40:05 Received handshake payload from client: test
2025/07/06 09:40:05 Handshake completed for session P3ZYpk48pn3J2b3D...
2025/07/06 09:40:05 Successfully decrypted call for session P3ZYpk48pn3J2b3D...
2025/07/06 09:40:05 Successfully encrypted response and cleaned up session P3ZYpk48pn3J2b3D...
2025/07/06 09:40:06 Received handshake payload from client: test
2025/07/06 09:40:06 Handshake completed for session +X8J/gjiAyut7YoV...
2025/07/06 09:40:06 Successfully decrypted call for session +X8J/gjiAyut7YoV...
2025/07/06 09:40:06 Successfully encrypted response and cleaned up session +X8J/gjiAyut7YoV...
2025/07/06 09:40:06 Received handshake payload from client: 
2025/07/06 09:40:06 Handshake completed for session session_17518200...
2025/07/06 09:40:06 Successfully decrypted call for session session_17518200...
2025/07/06 09:40:06 Successfully encrypted response and cleaned up session session_17518200...
2025/07/06 09:40:06 Received handshake payload from client: 
2025/07/06 09:40:06 Handshake completed for session b6662ec46c95810e...
2025/07/06 09:40:06 Successfully decrypted call for session b6662ec46c95810e...
2025/07/06 09:40:06 Successfully encrypted response and cleaned up session b6662ec46c95810e...
2025/07/06 09:40:06 Received handshake payload from client: 
2025/07/06 09:40:06 Handshake completed for session ef2e67bc2517251e...
2025/07/06 09:40:06 Successfully decrypted call for session ef2e67bc2517251e...
2025/07/06 09:40:06 Successfully encrypted response and cleaned up session ef2e67bc2517251e...
2025/07/06 09:40:06 Received handshake payload from client: 
2025/07/06 09:40:06 Handshake completed for session f5aea59c81c32ae3...
2025/07/06 09:40:06 Successfully decrypted call for session f5aea59c81c32ae3...
2025/07/06 09:40:06 Successfully encrypted response and cleaned up session f5aea59c81c32ae3...
2025/07/06 09:40:06 Received handshake payload from client: test
2025/07/06 09:40:06 Handshake completed for session qfpT1MddrXFs6+al...
2025/07/06 09:40:06 Successfully decrypted call for session qfpT1MddrXFs6+al...
2025/07/06 09:40:06 Successfully encrypted response and cleaned up session qfpT1MddrXFs6+al...
2025/07/06 09:40:06 Received handshake payload from client: 
2025/07/06 09:40:06 Handshake completed for session b0b26dfaa3740c20...
2025/07/06 09:40:06 Successfully decrypted call for session b0b26dfaa3740c20...
2025/07/06 09:40:06 Successfully encrypted response and cleaned up session b0b26dfaa3740c20...
2025/07/06 09:40:06 Received handshake payload from client: 
2025/07/06 09:40:06 Handshake completed for session 018ae33ca683e971...
2025/07/06 09:40:06 Successfully decrypted call for session 018ae33ca683e971...
2025/07/06 09:40:06 Successfully encrypted response and cleaned up session 018ae33ca683e971...
2025/07/06 09:40:06 Received handshake payload from client: test
2025/07/06 09:40:06 Handshake completed for session jX7qO+HBIeFjHNbQ...
2025/07/06 09:40:06 Successfully decrypted call for session jX7qO+HBIeFjHNbQ...
2025/07/06 09:40:06 Successfully encrypted response and cleaned up session jX7qO+HBIeFjHNbQ...
2025/07/06 09:40:06 Received handshake payload from client: 
2025/07/06 09:40:06 Handshake completed for session 69068ead81d3950a...
2025/07/06 09:40:06 Successfully decrypted call for session 69068ead81d3950a...
2025/07/06 09:40:06 Successfully encrypted response and cleaned up session 69068ead81d3950a...
2025/07/06 09:40:06 Received handshake payload from client: 
2025/07/06 09:40:06 Handshake completed for session 90ba83f1b474454f...
2025/07/06 09:40:06 Successfully decrypted call for session 90ba83f1b474454f...
2025/07/06 09:40:06 Successfully encrypted response and cleaned up session 90ba83f1b474454f...
2025/07/06 09:40:07 Received handshake payload from client: test
2025/07/06 09:40:07 Handshake completed for session ERMg6G4N+xeV1wey...
2025/07/06 09:40:07 Successfully decrypted call for session ERMg6G4N+xeV1wey...
2025/07/06 09:40:07 Successfully encrypted response and cleaned up session ERMg6G4N+xeV1wey...
2025/07/06 09:40:07 Received handshake payload from client: 
2025/07/06 09:40:07 Handshake completed for session session_17518200...
2025/07/06 09:40:07 Successfully decrypted call for session session_17518200...
2025/07/06 09:40:07 Successfully encrypted response and cleaned up session session_17518200...
2025/07/06 09:40:07 Received handshake payload from client: 
2025/07/06 09:40:07 Handshake completed for session session_17518200...
2025/07/06 09:40:07 Successfully decrypted call for session session_17518200...
2025/07/06 09:40:07 Successfully encrypted response and cleaned up session session_17518200...
2025/07/06 09:40:07 Received handshake payload from client: test
2025/07/06 09:40:07 Handshake completed for session tEMENDSJSZuFzo8M...
2025/07/06 09:40:07 Successfully decrypted call for session tEMENDSJSZuFzo8M...
2025/07/06 09:40:07 Successfully encrypted response and cleaned up session tEMENDSJSZuFzo8M...
2025/07/06 09:40:07 Received handshake payload from client: test
2025/07/06 09:40:07 Handshake completed for session gqj/12fmx7GfOqxv...
2025/07/06 09:40:07 Successfully decrypted call for session gqj/12fmx7GfOqxv...
2025/07/06 09:40:07 Successfully encrypted response and cleaned up session gqj/12fmx7GfOqxv...
2025/07/06 09:40:07 Received handshake payload from client: test
2025/07/06 09:40:07 Handshake completed for session 305Lcl/vrMyw9Lom...
2025/07/06 09:40:07 Successfully decrypted call for session 305Lcl/vrMyw9Lom...
2025/07/06 09:40:07 Successfully encrypted response and cleaned up session 305Lcl/vrMyw9Lom...
2025/07/06 09:40:08 Received handshake payload from client: test
2025/07/06 09:40:08 Handshake completed for session //DS2VZmPvQwzSqU...
2025/07/06 09:40:08 Successfully decrypted call for session //DS2VZmPvQwzSqU...
2025/07/06 09:40:08 Successfully encrypted response and cleaned up session //DS2VZmPvQwzSqU...
2025/07/06 09:40:08 Received handshake payload from client: test
2025/07/06 09:40:08 Handshake completed for session ZmuCLHzAJ5aIcTva...
2025/07/06 09:40:08 Successfully decrypted call for session ZmuCLHzAJ5aIcTva...
2025/07/06 09:40:08 Successfully encrypted response and cleaned up session ZmuCLHzAJ5aIcTva...
2025/07/06 09:40:08 Received handshake payload from client: test
2025/07/06 09:40:08 Handshake completed for session ekqo6G90LT968BzM...
2025/07/06 09:40:08 Successfully decrypted call for session ekqo6G90LT968BzM...
2025/07/06 09:40:08 Successfully encrypted response and cleaned up session ekqo6G90LT968BzM...
2025/07/06 09:40:08 Received handshake payload from client: 
2025/07/06 09:40:08 Handshake completed for session 3a5e2333c7f3cb6f...
2025/07/06 09:40:08 Successfully decrypted call for session 3a5e2333c7f3cb6f...
2025/07/06 09:40:08 Successfully encrypted response and cleaned up session 3a5e2333c7f3cb6f...
2025/07/06 09:40:08 Received handshake payload from client: 
2025/07/06 09:40:08 Handshake completed for session e82929b134784997...
2025/07/06 09:40:08 Successfully decrypted call for session e82929b134784997...
2025/07/06 09:40:08 Successfully encrypted response and cleaned up session e82929b134784997...
2025/07/06 09:40:08 Received handshake payload from client: 
2025/07/06 09:40:08 Handshake completed for session 7eb3ac566dc1c2af...
2025/07/06 09:40:08 Successfully decrypted call for session 7eb3ac566dc1c2af...
2025/07/06 09:40:08 Successfully encrypted response and cleaned up session 7eb3ac566dc1c2af...
2025/07/06 09:40:08 Received handshake payload from client: 
2025/07/06 09:40:08 Handshake completed for session d2c14e176a05c3b0...
2025/07/06 09:40:08 Decryption failed for session d2c14e176a05c3b0...: cipher: message authentication failed
2025/07/06 09:40:08 Received handshake payload from client: 
2025/07/06 09:40:08 Handshake completed for session f5ae09b6f46932c5...
2025/07/06 09:40:08 Successfully decrypted call for session f5ae09b6f46932c5...
2025/07/06 09:40:08 Successfully encrypted response and cleaned up session f5ae09b6f46932c5...
2025/07/06 09:40:08 Received handshake payload from client: 
2025/07/06 09:40:08 Handshake completed for session fdd64c826b7c3f3f...
2025/07/06 09:40:08 Successfully decrypted call for session fdd64c826b7c3f3f...
2025/07/06 09:40:08 Successfully encrypted response and cleaned up session fdd64c826b7c3f3f...
2025/07/06 09:40:08 Received handshake payload from client: 
2025/07/06 09:40:08 Handshake completed for session 737f829da98118a5...
2025/07/06 09:40:08 Successfully decrypted call for session 737f829da98118a5...
2025/07/06 09:40:08 Successfully encrypted response and cleaned up session 737f829da98118a5...
2025/07/06 09:40:08 Received handshake payload from client: 
2025/07/06 09:40:08 Handshake completed for session 4356a6eacbbcf239...
2025/07/06 09:40:08 Successfully decrypted call for session 4356a6eacbbcf239...
2025/07/06 09:40:08 Successfully encrypted response and cleaned up session 4356a6eacbbcf239...
2025/07/06 09:40:08 Received handshake payload from client: 
2025/07/06 09:40:08 Handshake completed for session 0d97d9768ba3d2ee...
2025/07/06 09:40:08 Successfully decrypted call for session 0d97d9768ba3d2ee...
2025/07/06 09:40:08 Successfully encrypted response and cleaned up session 0d97d9768ba3d2ee...
2025/07/06 09:40:08 Received handshake payload from client: 
2025/07/06 09:40:08 Handshake completed for session session_17518200...
2025/07/06 09:40:08 Successfully decrypted call for session session_17518200...
2025/07/06 09:40:08 Successfully encrypted response and cleaned up session session_17518200...
2025/07/06 09:40:08 Received handshake payload from client: 
2025/07/06 09:40:08 Handshake completed for session session_17518200...
2025/07/06 09:40:08 Successfully decrypted call for session session_17518200...
2025/07/06 09:40:08 Successfully encrypted response and cleaned up session session_17518200...
2025/07/06 09:40:09 Received handshake payload from client: 
2025/07/06 09:40:09 Handshake completed for session cb30754a933b19cd...
2025/07/06 09:40:09 Successfully decrypted call for session cb30754a933b19cd...
2025/07/06 09:40:09 Successfully encrypted response and cleaned up session cb30754a933b19cd...
2025/07/06 09:40:09 Received handshake payload from client: test
2025/07/06 09:40:09 Handshake completed for session CINSD7kkxXtbBjs5...
2025/07/06 09:40:09 Successfully decrypted call for session CINSD7kkxXtbBjs5...
2025/07/06 09:40:09 Successfully encrypted response and cleaned up session CINSD7kkxXtbBjs5...
2025/07/06 09:40:09 Received handshake payload from client: test
2025/07/06 09:40:09 Handshake completed for session eozZxVc7+oHk1TUd...
2025/07/06 09:40:09 Successfully decrypted call for session eozZxVc7+oHk1TUd...
2025/07/06 09:40:09 Successfully encrypted response and cleaned up session eozZxVc7+oHk1TUd...
2025/07/06 09:40:09 Received handshake payload from client: test
2025/07/06 09:40:09 Handshake completed for session 211oo0BUdJfGaLpF...
2025/07/06 09:40:09 Successfully decrypted call for session 211oo0BUdJfGaLpF...
2025/07/06 09:40:09 Successfully encrypted response and cleaned up session 211oo0BUdJfGaLpF...
2025/07/06 09:40:09 Received handshake payload from client: test
2025/07/06 09:40:09 Handshake completed for session JqifmVhDYYEbRsPG...
2025/07/06 09:40:09 Successfully decrypted call for session JqifmVhDYYEbRsPG...
2025/07/06 09:40:09 Successfully encrypted response and cleaned up session JqifmVhDYYEbRsPG...
2025/07/06 09:40:09 Received handshake payload from client: 
2025/07/06 09:40:09 Handshake completed for session fa94cab6b927d412...
2025/07/06 09:40:09 Successfully decrypted call for session fa94cab6b927d412...
2025/07/06 09:40:09 Successfully encrypted response and cleaned up session fa94cab6b927d412...
2025/07/06 09:40:09 Received handshake payload from client: 
2025/07/06 09:40:09 Handshake completed for session 9d54d5dbcb637b74...
2025/07/06 09:40:09 Successfully decrypted call for session 9d54d5dbcb637b74...
2025/07/06 09:40:09 Successfully encrypted response and cleaned up session 9d54d5dbcb637b74...
2025/07/06 09:40:09 Received handshake payload from client: 
2025/07/06 09:40:09 Handshake completed for session c408540a2c8bac7f...
2025/07/06 09:40:09 Successfully decrypted call for session c408540a2c8bac7f...
2025/07/06 09:40:09 Successfully encrypted response and cleaned up session c408540a2c8bac7f...
2025/07/06 09:40:09 Received handshake payload from client: 
2025/07/06 09:40:09 Handshake completed for session ebabb95c83931713...
2025/07/06 09:40:09 Successfully decrypted call for session ebabb95c83931713...
2025/07/06 09:40:09 Successfully encrypted response and cleaned up session ebabb95c83931713...
