2025/07/06 09:39:54 Generating new server key pair...
2025/07/06 09:39:54 Generated and stored new server key pair
2025/07/06 09:39:54 🐛 Enabling Noise-NK debug mode for detailed logging
2025/07/06 09:39:54 Noise-NK session manager initialized with public key: 9e0b3e74113cf99871fefd4c983f475a...
2025/07/06 09:39:54 Starting OpenADP JSON-RPC server on :8083
2025/07/06 09:39:54 Database: /tmp/tmpp6tcyeic_test_server_8083.db
2025/07/06 09:39:54 Authentication: true
2025/07/06 09:39:54 Server public key: ngs+dBE8+Zhx/v1MmD9HWvHyQu9N57pD...
2025/07/06 09:40:01 Received handshake payload from client: 
2025/07/06 09:40:01 Handshake completed for session 849c75d1a3ec67fd...
2025/07/06 09:40:01 Successfully decrypted call for session 849c75d1a3ec67fd...
2025/07/06 09:40:01 Successfully encrypted response and cleaned up session 849c75d1a3ec67fd...
2025/07/06 09:40:01 Received handshake payload from client: 
2025/07/06 09:40:01 Handshake completed for session 2a388cf2b5b9ac64...
2025/07/06 09:40:01 Successfully decrypted call for session 2a388cf2b5b9ac64...
2025/07/06 09:40:01 Successfully encrypted response and cleaned up session 2a388cf2b5b9ac64...
2025/07/06 09:40:01 Received handshake payload from client: 
2025/07/06 09:40:01 Handshake completed for session 99b1823ea64ec5c0...
2025/07/06 09:40:01 Successfully decrypted call for session 99b1823ea64ec5c0...
2025/07/06 09:40:01 Successfully encrypted response and cleaned up session 99b1823ea64ec5c0...
2025/07/06 09:40:01 Received handshake payload from client: 
2025/07/06 09:40:01 Handshake completed for session 8406429c8853c0e1...
2025/07/06 09:40:01 Successfully decrypted call for session 8406429c8853c0e1...
2025/07/06 09:40:01 Successfully encrypted response and cleaned up session 8406429c8853c0e1...
2025/07/06 09:40:01 Received handshake payload from client: 
2025/07/06 09:40:01 Handshake completed for session 1f560090e57082d6...
2025/07/06 09:40:01 Successfully decrypted call for session 1f560090e57082d6...
2025/07/06 09:40:01 Successfully encrypted response and cleaned up session 1f560090e57082d6...
2025/07/06 09:40:01 Received handshake payload from client: 
2025/07/06 09:40:01 Handshake completed for session 397e15c4df3e36be...
2025/07/06 09:40:01 Successfully decrypted call for session 397e15c4df3e36be...
2025/07/06 09:40:01 Successfully encrypted response and cleaned up session 397e15c4df3e36be...
2025/07/06 09:40:01 Received handshake payload from client: 
2025/07/06 09:40:01 Handshake completed for session 2cf59e44d3e2c8d3...
2025/07/06 09:40:01 Successfully decrypted call for session 2cf59e44d3e2c8d3...
2025/07/06 09:40:01 Successfully encrypted response and cleaned up session 2cf59e44d3e2c8d3...
2025/07/06 09:40:01 Received handshake payload from client: 
2025/07/06 09:40:01 Handshake completed for session session_17518200...
2025/07/06 09:40:01 Successfully decrypted call for session session_17518200...
2025/07/06 09:40:01 Successfully encrypted response and cleaned up session session_17518200...
2025/07/06 09:40:01 Received handshake payload from client: 
2025/07/06 09:40:01 Handshake completed for session session_17518200...
2025/07/06 09:40:01 Successfully decrypted call for session session_17518200...
2025/07/06 09:40:01 Successfully encrypted response and cleaned up session session_17518200...
2025/07/06 09:40:01 Received handshake payload from client: 
2025/07/06 09:40:01 Handshake completed for session 4216ce926760909d...
2025/07/06 09:40:01 Successfully decrypted call for session 4216ce926760909d...
2025/07/06 09:40:01 Successfully encrypted response and cleaned up session 4216ce926760909d...
2025/07/06 09:40:01 Received handshake payload from client: test
2025/07/06 09:40:01 Handshake completed for session Rufd3NCuzRWKFXha...
2025/07/06 09:40:01 Successfully decrypted call for session Rufd3NCuzRWKFXha...
2025/07/06 09:40:01 Successfully encrypted response and cleaned up session Rufd3NCuzRWKFXha...
2025/07/06 09:40:02 Received handshake payload from client: test
2025/07/06 09:40:02 Handshake completed for session /Xix+e6i4k04DN0V...
2025/07/06 09:40:02 Successfully decrypted call for session /Xix+e6i4k04DN0V...
2025/07/06 09:40:02 Successfully encrypted response and cleaned up session /Xix+e6i4k04DN0V...
2025/07/06 09:40:02 Received handshake payload from client: test
2025/07/06 09:40:02 Handshake completed for session X0pAn6NgzRwqx8AA...
2025/07/06 09:40:02 Successfully decrypted call for session X0pAn6NgzRwqx8AA...
2025/07/06 09:40:02 Successfully encrypted response and cleaned up session X0pAn6NgzRwqx8AA...
2025/07/06 09:40:02 Received handshake payload from client: test
2025/07/06 09:40:02 Handshake completed for session BrFcGi5lpSstjHrx...
2025/07/06 09:40:02 Successfully decrypted call for session BrFcGi5lpSstjHrx...
2025/07/06 09:40:02 Successfully encrypted response and cleaned up session BrFcGi5lpSstjHrx...
2025/07/06 09:40:02 Received handshake payload from client: 
2025/07/06 09:40:02 Handshake completed for session ced40aa8f1acf4b4...
2025/07/06 09:40:02 Successfully decrypted call for session ced40aa8f1acf4b4...
2025/07/06 09:40:02 Successfully encrypted response and cleaned up session ced40aa8f1acf4b4...
2025/07/06 09:40:02 Received handshake payload from client: 
2025/07/06 09:40:02 Handshake completed for session 0a433a705210b843...
2025/07/06 09:40:02 Successfully decrypted call for session 0a433a705210b843...
2025/07/06 09:40:02 Successfully encrypted response and cleaned up session 0a433a705210b843...
2025/07/06 09:40:02 Received handshake payload from client: 
2025/07/06 09:40:02 Handshake completed for session ba8b8e67fd19a82c...
2025/07/06 09:40:02 Successfully decrypted call for session ba8b8e67fd19a82c...
2025/07/06 09:40:02 Successfully encrypted response and cleaned up session ba8b8e67fd19a82c...
2025/07/06 09:40:02 Received handshake payload from client: 
2025/07/06 09:40:02 Handshake completed for session a671a06be0f73774...
2025/07/06 09:40:02 Successfully decrypted call for session a671a06be0f73774...
2025/07/06 09:40:02 Successfully encrypted response and cleaned up session a671a06be0f73774...
2025/07/06 09:40:02 Received handshake payload from client: 
2025/07/06 09:40:02 Handshake completed for session 2c45e0e45249a395...
2025/07/06 09:40:02 Successfully decrypted call for session 2c45e0e45249a395...
2025/07/06 09:40:02 Successfully encrypted response and cleaned up session 2c45e0e45249a395...
2025/07/06 09:40:02 Received handshake payload from client: 
2025/07/06 09:40:02 Handshake completed for session 059f41676d3facd1...
2025/07/06 09:40:02 Successfully decrypted call for session 059f41676d3facd1...
2025/07/06 09:40:02 Successfully encrypted response and cleaned up session 059f41676d3facd1...
2025/07/06 09:40:02 Received handshake payload from client: 
2025/07/06 09:40:02 Handshake completed for session 13827f27548484b4...
2025/07/06 09:40:02 Successfully decrypted call for session 13827f27548484b4...
2025/07/06 09:40:02 Successfully encrypted response and cleaned up session 13827f27548484b4...
2025/07/06 09:40:02 Received handshake payload from client: 
2025/07/06 09:40:02 Handshake completed for session 02ea641ebdf732bf...
2025/07/06 09:40:02 Successfully decrypted call for session 02ea641ebdf732bf...
2025/07/06 09:40:02 Successfully encrypted response and cleaned up session 02ea641ebdf732bf...
2025/07/06 09:40:02 Received handshake payload from client: 
2025/07/06 09:40:02 Handshake completed for session 465be14aa6794721...
2025/07/06 09:40:02 Successfully decrypted call for session 465be14aa6794721...
2025/07/06 09:40:02 Successfully encrypted response and cleaned up session 465be14aa6794721...
2025/07/06 09:40:02 Received handshake payload from client: 
2025/07/06 09:40:02 Handshake completed for session b5b24361f9d31ecf...
2025/07/06 09:40:02 Successfully decrypted call for session b5b24361f9d31ecf...
2025/07/06 09:40:02 Successfully encrypted response and cleaned up session b5b24361f9d31ecf...
2025/07/06 09:40:03 Received handshake payload from client: 
2025/07/06 09:40:03 Handshake completed for session 74eb351093e6e16a...
2025/07/06 09:40:03 Successfully decrypted call for session 74eb351093e6e16a...
2025/07/06 09:40:03 Successfully encrypted response and cleaned up session 74eb351093e6e16a...
2025/07/06 09:40:03 Received handshake payload from client: 
2025/07/06 09:40:03 Handshake completed for session session_17518200...
2025/07/06 09:40:03 Successfully decrypted call for session session_17518200...
2025/07/06 09:40:03 Successfully encrypted response and cleaned up session session_17518200...
2025/07/06 09:40:03 Received handshake payload from client: 
2025/07/06 09:40:03 Handshake completed for session session_17518200...
2025/07/06 09:40:03 Successfully decrypted call for session session_17518200...
2025/07/06 09:40:03 Successfully encrypted response and cleaned up session session_17518200...
2025/07/06 09:40:03 Received handshake payload from client: 
2025/07/06 09:40:03 Handshake completed for session 2f21e4ac01a277b6...
2025/07/06 09:40:03 Successfully decrypted call for session 2f21e4ac01a277b6...
2025/07/06 09:40:03 Successfully encrypted response and cleaned up session 2f21e4ac01a277b6...
2025/07/06 09:40:03 Received handshake payload from client: test
2025/07/06 09:40:03 Handshake completed for session ZPLnfKVq7nrs757S...
2025/07/06 09:40:03 Successfully decrypted call for session ZPLnfKVq7nrs757S...
2025/07/06 09:40:03 Successfully encrypted response and cleaned up session ZPLnfKVq7nrs757S...
2025/07/06 09:40:04 Received handshake payload from client: test
2025/07/06 09:40:04 Handshake completed for session TBGBgg6WHROiWac4...
2025/07/06 09:40:04 Successfully decrypted call for session TBGBgg6WHROiWac4...
2025/07/06 09:40:04 Successfully encrypted response and cleaned up session TBGBgg6WHROiWac4...
2025/07/06 09:40:04 Received handshake payload from client: test
2025/07/06 09:40:04 Handshake completed for session TWkFnuzW1n9yaYOS...
2025/07/06 09:40:04 Successfully decrypted call for session TWkFnuzW1n9yaYOS...
2025/07/06 09:40:04 Successfully encrypted response and cleaned up session TWkFnuzW1n9yaYOS...
2025/07/06 09:40:04 Received handshake payload from client: test
2025/07/06 09:40:04 Handshake completed for session 71dYCbeME+xAisrD...
2025/07/06 09:40:04 Successfully decrypted call for session 71dYCbeME+xAisrD...
2025/07/06 09:40:04 Successfully encrypted response and cleaned up session 71dYCbeME+xAisrD...
2025/07/06 09:40:04 Received handshake payload from client: 
2025/07/06 09:40:04 Handshake completed for session 0a1421831510b874...
2025/07/06 09:40:04 Successfully decrypted call for session 0a1421831510b874...
2025/07/06 09:40:04 Successfully encrypted response and cleaned up session 0a1421831510b874...
2025/07/06 09:40:04 Received handshake payload from client: 
2025/07/06 09:40:04 Handshake completed for session c35322267d07dea7...
2025/07/06 09:40:04 Successfully decrypted call for session c35322267d07dea7...
2025/07/06 09:40:04 Successfully encrypted response and cleaned up session c35322267d07dea7...
2025/07/06 09:40:04 Received handshake payload from client: 
2025/07/06 09:40:04 Handshake completed for session 38bf3d3bb9510d25...
2025/07/06 09:40:04 Successfully decrypted call for session 38bf3d3bb9510d25...
2025/07/06 09:40:04 Successfully encrypted response and cleaned up session 38bf3d3bb9510d25...
2025/07/06 09:40:04 Received handshake payload from client: 
2025/07/06 09:40:04 Handshake completed for session 27e2c9469c28b114...
2025/07/06 09:40:04 Successfully decrypted call for session 27e2c9469c28b114...
2025/07/06 09:40:04 Successfully encrypted response and cleaned up session 27e2c9469c28b114...
2025/07/06 09:40:04 Received handshake payload from client: 
2025/07/06 09:40:04 Handshake completed for session session_17518200...
2025/07/06 09:40:04 Successfully decrypted call for session session_17518200...
2025/07/06 09:40:04 Successfully encrypted response and cleaned up session session_17518200...
2025/07/06 09:40:04 Received handshake payload from client: 
2025/07/06 09:40:04 Handshake completed for session 236d106a95676ff7...
2025/07/06 09:40:04 Successfully decrypted call for session 236d106a95676ff7...
2025/07/06 09:40:04 Successfully encrypted response and cleaned up session 236d106a95676ff7...
2025/07/06 09:40:04 Received handshake payload from client: 
2025/07/06 09:40:04 Handshake completed for session 7e7a0b4542e4a478...
2025/07/06 09:40:04 Successfully decrypted call for session 7e7a0b4542e4a478...
2025/07/06 09:40:04 Successfully encrypted response and cleaned up session 7e7a0b4542e4a478...
2025/07/06 09:40:04 Received handshake payload from client: 
2025/07/06 09:40:04 Handshake completed for session session_17518200...
2025/07/06 09:40:04 Successfully decrypted call for session session_17518200...
2025/07/06 09:40:04 Successfully encrypted response and cleaned up session session_17518200...
2025/07/06 09:40:04 Received handshake payload from client: 
2025/07/06 09:40:04 Handshake completed for session 78182ebe6639d7af...
2025/07/06 09:40:04 Successfully decrypted call for session 78182ebe6639d7af...
2025/07/06 09:40:04 Successfully encrypted response and cleaned up session 78182ebe6639d7af...
2025/07/06 09:40:04 Received handshake payload from client: 
2025/07/06 09:40:04 Handshake completed for session 95d7cf3cf10f1f14...
2025/07/06 09:40:04 Successfully decrypted call for session 95d7cf3cf10f1f14...
2025/07/06 09:40:04 Successfully encrypted response and cleaned up session 95d7cf3cf10f1f14...
2025/07/06 09:40:05 Received handshake payload from client: 
2025/07/06 09:40:05 Handshake completed for session session_17518200...
2025/07/06 09:40:05 Successfully decrypted call for session session_17518200...
2025/07/06 09:40:05 Successfully encrypted response and cleaned up session session_17518200...
2025/07/06 09:40:05 Received handshake payload from client: 
2025/07/06 09:40:05 Handshake completed for session session_17518200...
2025/07/06 09:40:05 Successfully decrypted call for session session_17518200...
2025/07/06 09:40:05 Successfully encrypted response and cleaned up session session_17518200...
2025/07/06 09:40:05 Received handshake payload from client: 
2025/07/06 09:40:05 Handshake completed for session session_17518200...
2025/07/06 09:40:05 Successfully decrypted call for session session_17518200...
2025/07/06 09:40:05 Successfully encrypted response and cleaned up session session_17518200...
2025/07/06 09:40:05 Received handshake payload from client: 
2025/07/06 09:40:05 Handshake completed for session session_17518200...
2025/07/06 09:40:05 Successfully decrypted call for session session_17518200...
2025/07/06 09:40:05 Successfully encrypted response and cleaned up session session_17518200...
2025/07/06 09:40:05 Received handshake payload from client: test
2025/07/06 09:40:05 Handshake completed for session gZFoUuBt+6uEK9Us...
2025/07/06 09:40:05 Successfully decrypted call for session gZFoUuBt+6uEK9Us...
2025/07/06 09:40:05 Successfully encrypted response and cleaned up session gZFoUuBt+6uEK9Us...
2025/07/06 09:40:05 Received handshake payload from client: test
2025/07/06 09:40:05 Handshake completed for session VcP2l1XA3IzBW+OJ...
2025/07/06 09:40:05 Successfully decrypted call for session VcP2l1XA3IzBW+OJ...
2025/07/06 09:40:05 Successfully encrypted response and cleaned up session VcP2l1XA3IzBW+OJ...
2025/07/06 09:40:06 Received handshake payload from client: test
2025/07/06 09:40:06 Handshake completed for session Y8qPFIgl1+hRSjxf...
2025/07/06 09:40:06 Successfully decrypted call for session Y8qPFIgl1+hRSjxf...
2025/07/06 09:40:06 Successfully encrypted response and cleaned up session Y8qPFIgl1+hRSjxf...
2025/07/06 09:40:06 Received handshake payload from client: test
2025/07/06 09:40:06 Handshake completed for session GOml0+8YMi3Ull2C...
2025/07/06 09:40:06 Successfully decrypted call for session GOml0+8YMi3Ull2C...
2025/07/06 09:40:06 Successfully encrypted response and cleaned up session GOml0+8YMi3Ull2C...
2025/07/06 09:40:06 Received handshake payload from client: 
2025/07/06 09:40:06 Handshake completed for session session_17518200...
2025/07/06 09:40:06 Successfully decrypted call for session session_17518200...
2025/07/06 09:40:06 Successfully encrypted response and cleaned up session session_17518200...
2025/07/06 09:40:06 Received handshake payload from client: 
2025/07/06 09:40:06 Handshake completed for session 569e2ac59304bf5d...
2025/07/06 09:40:06 Successfully decrypted call for session 569e2ac59304bf5d...
2025/07/06 09:40:06 Successfully encrypted response and cleaned up session 569e2ac59304bf5d...
2025/07/06 09:40:06 Received handshake payload from client: 
2025/07/06 09:40:06 Handshake completed for session e44e874f970170cf...
2025/07/06 09:40:06 Successfully decrypted call for session e44e874f970170cf...
2025/07/06 09:40:06 Successfully encrypted response and cleaned up session e44e874f970170cf...
2025/07/06 09:40:06 Received handshake payload from client: 
2025/07/06 09:40:06 Handshake completed for session 25a824534b19da43...
2025/07/06 09:40:06 Successfully decrypted call for session 25a824534b19da43...
2025/07/06 09:40:06 Successfully encrypted response and cleaned up session 25a824534b19da43...
2025/07/06 09:40:06 Received handshake payload from client: test
2025/07/06 09:40:06 Handshake completed for session ossKwQCdbVqNjkp0...
2025/07/06 09:40:06 Successfully decrypted call for session ossKwQCdbVqNjkp0...
2025/07/06 09:40:06 Successfully encrypted response and cleaned up session ossKwQCdbVqNjkp0...
2025/07/06 09:40:06 Received handshake payload from client: 
2025/07/06 09:40:06 Handshake completed for session ef55d2dd35c40e54...
2025/07/06 09:40:06 Successfully decrypted call for session ef55d2dd35c40e54...
2025/07/06 09:40:06 Successfully encrypted response and cleaned up session ef55d2dd35c40e54...
2025/07/06 09:40:06 Received handshake payload from client: 
2025/07/06 09:40:06 Handshake completed for session 703c251d7de14e37...
2025/07/06 09:40:06 Successfully decrypted call for session 703c251d7de14e37...
2025/07/06 09:40:06 Successfully encrypted response and cleaned up session 703c251d7de14e37...
2025/07/06 09:40:06 Received handshake payload from client: test
2025/07/06 09:40:06 Handshake completed for session CmQjZOwcuA658vO8...
2025/07/06 09:40:06 Successfully decrypted call for session CmQjZOwcuA658vO8...
2025/07/06 09:40:06 Successfully encrypted response and cleaned up session CmQjZOwcuA658vO8...
2025/07/06 09:40:06 Received handshake payload from client: 
2025/07/06 09:40:06 Handshake completed for session 2d09ac9e1ebf6ad9...
2025/07/06 09:40:06 Successfully decrypted call for session 2d09ac9e1ebf6ad9...
2025/07/06 09:40:06 Successfully encrypted response and cleaned up session 2d09ac9e1ebf6ad9...
2025/07/06 09:40:06 Received handshake payload from client: 
2025/07/06 09:40:06 Handshake completed for session 3309ed09af4599e2...
2025/07/06 09:40:06 Successfully decrypted call for session 3309ed09af4599e2...
2025/07/06 09:40:06 Successfully encrypted response and cleaned up session 3309ed09af4599e2...
2025/07/06 09:40:07 Received handshake payload from client: test
2025/07/06 09:40:07 Handshake completed for session dCNw+ygxLYMW5v83...
2025/07/06 09:40:07 Successfully decrypted call for session dCNw+ygxLYMW5v83...
2025/07/06 09:40:07 Successfully encrypted response and cleaned up session dCNw+ygxLYMW5v83...
2025/07/06 09:40:07 Received handshake payload from client: 
2025/07/06 09:40:07 Handshake completed for session session_17518200...
2025/07/06 09:40:07 Successfully decrypted call for session session_17518200...
2025/07/06 09:40:07 Successfully encrypted response and cleaned up session session_17518200...
2025/07/06 09:40:07 Received handshake payload from client: 
2025/07/06 09:40:07 Handshake completed for session session_17518200...
2025/07/06 09:40:07 Successfully decrypted call for session session_17518200...
2025/07/06 09:40:07 Successfully encrypted response and cleaned up session session_17518200...
2025/07/06 09:40:07 Received handshake payload from client: test
2025/07/06 09:40:07 Handshake completed for session 8YpKmkUm1KY4NOhk...
2025/07/06 09:40:07 Successfully decrypted call for session 8YpKmkUm1KY4NOhk...
2025/07/06 09:40:07 Successfully encrypted response and cleaned up session 8YpKmkUm1KY4NOhk...
2025/07/06 09:40:07 Received handshake payload from client: test
2025/07/06 09:40:07 Handshake completed for session NTDqah2jAjsr8+3M...
2025/07/06 09:40:07 Successfully decrypted call for session NTDqah2jAjsr8+3M...
2025/07/06 09:40:07 Successfully encrypted response and cleaned up session NTDqah2jAjsr8+3M...
2025/07/06 09:40:08 Received handshake payload from client: test
2025/07/06 09:40:08 Handshake completed for session ic/GB/lp6M2zi40x...
2025/07/06 09:40:08 Successfully decrypted call for session ic/GB/lp6M2zi40x...
2025/07/06 09:40:08 Successfully encrypted response and cleaned up session ic/GB/lp6M2zi40x...
2025/07/06 09:40:08 Received handshake payload from client: test
2025/07/06 09:40:08 Handshake completed for session imDp7j+iiAa+AHHu...
2025/07/06 09:40:08 Successfully decrypted call for session imDp7j+iiAa+AHHu...
2025/07/06 09:40:08 Successfully encrypted response and cleaned up session imDp7j+iiAa+AHHu...
2025/07/06 09:40:08 Received handshake payload from client: test
2025/07/06 09:40:08 Handshake completed for session 5jRt0qf2DvWgLxK1...
2025/07/06 09:40:08 Successfully decrypted call for session 5jRt0qf2DvWgLxK1...
2025/07/06 09:40:08 Successfully encrypted response and cleaned up session 5jRt0qf2DvWgLxK1...
2025/07/06 09:40:08 Received handshake payload from client: test
2025/07/06 09:40:08 Handshake completed for session qUa6gLkFkMN75Z30...
2025/07/06 09:40:08 Successfully decrypted call for session qUa6gLkFkMN75Z30...
2025/07/06 09:40:08 Successfully encrypted response and cleaned up session qUa6gLkFkMN75Z30...
2025/07/06 09:40:08 Received handshake payload from client: 
2025/07/06 09:40:08 Handshake completed for session cff68805132538b3...
2025/07/06 09:40:08 Successfully decrypted call for session cff68805132538b3...
2025/07/06 09:40:08 Successfully encrypted response and cleaned up session cff68805132538b3...
2025/07/06 09:40:08 Received handshake payload from client: 
2025/07/06 09:40:08 Handshake completed for session 6910f04b2ebd5fb4...
2025/07/06 09:40:08 Successfully decrypted call for session 6910f04b2ebd5fb4...
2025/07/06 09:40:08 Successfully encrypted response and cleaned up session 6910f04b2ebd5fb4...
2025/07/06 09:40:08 Received handshake payload from client: 
2025/07/06 09:40:08 Handshake completed for session 792541183e0c11c6...
2025/07/06 09:40:08 Successfully decrypted call for session 792541183e0c11c6...
2025/07/06 09:40:08 Successfully encrypted response and cleaned up session 792541183e0c11c6...
2025/07/06 09:40:08 Received handshake payload from client: 
2025/07/06 09:40:08 Handshake completed for session 884099a0133cdc4b...
2025/07/06 09:40:08 Successfully decrypted call for session 884099a0133cdc4b...
2025/07/06 09:40:08 Successfully encrypted response and cleaned up session 884099a0133cdc4b...
2025/07/06 09:40:08 Received handshake payload from client: 
2025/07/06 09:40:08 Handshake completed for session 1220eca42bbf9f9f...
2025/07/06 09:40:08 Successfully decrypted call for session 1220eca42bbf9f9f...
2025/07/06 09:40:08 Successfully encrypted response and cleaned up session 1220eca42bbf9f9f...
2025/07/06 09:40:08 Received handshake payload from client: 
2025/07/06 09:40:08 Handshake completed for session 32337dce09a5de83...
2025/07/06 09:40:08 Successfully decrypted call for session 32337dce09a5de83...
2025/07/06 09:40:08 Successfully encrypted response and cleaned up session 32337dce09a5de83...
2025/07/06 09:40:08 Received handshake payload from client: 
2025/07/06 09:40:08 Handshake completed for session ed78fdb1a268dda2...
2025/07/06 09:40:08 Successfully decrypted call for session ed78fdb1a268dda2...
2025/07/06 09:40:08 Successfully encrypted response and cleaned up session ed78fdb1a268dda2...
2025/07/06 09:40:08 Received handshake payload from client: 
2025/07/06 09:40:08 Handshake completed for session 8e1fe4a42ea8e6bf...
2025/07/06 09:40:08 Successfully decrypted call for session 8e1fe4a42ea8e6bf...
2025/07/06 09:40:08 Successfully encrypted response and cleaned up session 8e1fe4a42ea8e6bf...
2025/07/06 09:40:08 Received handshake payload from client: 
2025/07/06 09:40:08 Handshake completed for session 57d5a3ba6858e819...
2025/07/06 09:40:08 Successfully decrypted call for session 57d5a3ba6858e819...
2025/07/06 09:40:08 Successfully encrypted response and cleaned up session 57d5a3ba6858e819...
2025/07/06 09:40:08 Received handshake payload from client: 
2025/07/06 09:40:08 Handshake completed for session 6e0237927ddd980c...
2025/07/06 09:40:08 Successfully decrypted call for session 6e0237927ddd980c...
2025/07/06 09:40:08 Successfully encrypted response and cleaned up session 6e0237927ddd980c...
2025/07/06 09:40:08 Received handshake payload from client: 
2025/07/06 09:40:08 Handshake completed for session session_17518200...
2025/07/06 09:40:08 Successfully decrypted call for session session_17518200...
2025/07/06 09:40:08 Successfully encrypted response and cleaned up session session_17518200...
2025/07/06 09:40:08 Received handshake payload from client: 
2025/07/06 09:40:08 Handshake completed for session session_17518200...
2025/07/06 09:40:08 Successfully decrypted call for session session_17518200...
2025/07/06 09:40:08 Successfully encrypted response and cleaned up session session_17518200...
2025/07/06 09:40:09 Received handshake payload from client: 
2025/07/06 09:40:09 Handshake completed for session 33d1b95eed4ac10b...
2025/07/06 09:40:09 Decryption failed for session 33d1b95eed4ac10b...: cipher: message authentication failed
2025/07/06 09:40:09 Received handshake payload from client: test
2025/07/06 09:40:09 Handshake completed for session FzV/E+v2LImQ3yvx...
2025/07/06 09:40:09 Successfully decrypted call for session FzV/E+v2LImQ3yvx...
2025/07/06 09:40:09 Successfully encrypted response and cleaned up session FzV/E+v2LImQ3yvx...
2025/07/06 09:40:09 Received handshake payload from client: test
2025/07/06 09:40:09 Handshake completed for session TtNx+P/Cr8ZdeIo6...
2025/07/06 09:40:09 Successfully decrypted call for session TtNx+P/Cr8ZdeIo6...
2025/07/06 09:40:09 Successfully encrypted response and cleaned up session TtNx+P/Cr8ZdeIo6...
2025/07/06 09:40:09 Received handshake payload from client: test
2025/07/06 09:40:09 Handshake completed for session xFiwzUasBEOr52F3...
2025/07/06 09:40:09 Successfully decrypted call for session xFiwzUasBEOr52F3...
2025/07/06 09:40:09 Successfully encrypted response and cleaned up session xFiwzUasBEOr52F3...
2025/07/06 09:40:09 Received handshake payload from client: test
2025/07/06 09:40:09 Handshake completed for session 9VGGcA+j4zWme/Ov...
2025/07/06 09:40:09 Successfully decrypted call for session 9VGGcA+j4zWme/Ov...
2025/07/06 09:40:09 Successfully encrypted response and cleaned up session 9VGGcA+j4zWme/Ov...
2025/07/06 09:40:09 Received handshake payload from client: 
2025/07/06 09:40:09 Handshake completed for session ba20764101744015...
2025/07/06 09:40:09 Successfully decrypted call for session ba20764101744015...
2025/07/06 09:40:09 Successfully encrypted response and cleaned up session ba20764101744015...
2025/07/06 09:40:09 Received handshake payload from client: 
2025/07/06 09:40:09 Handshake completed for session 13e5300fb90999f1...
2025/07/06 09:40:09 Successfully decrypted call for session 13e5300fb90999f1...
2025/07/06 09:40:09 Successfully encrypted response and cleaned up session 13e5300fb90999f1...
2025/07/06 09:40:09 Received handshake payload from client: 
2025/07/06 09:40:09 Handshake completed for session 40c724d8ff715c78...
2025/07/06 09:40:09 Successfully decrypted call for session 40c724d8ff715c78...
2025/07/06 09:40:09 Successfully encrypted response and cleaned up session 40c724d8ff715c78...
2025/07/06 09:40:09 Received handshake payload from client: 
2025/07/06 09:40:09 Handshake completed for session aa362798eaa029b7...
2025/07/06 09:40:09 Successfully decrypted call for session aa362798eaa029b7...
2025/07/06 09:40:09 Successfully encrypted response and cleaned up session aa362798eaa029b7...
