2025/07/01 10:35:22 Generating new server key pair...
2025/07/01 10:35:22 Generated and stored new server key pair
2025/07/01 10:35:22 🐛 Enabling Noise-NK debug mode for detailed logging
2025/07/01 10:35:22 Noise-NK session manager initialized with public key: e4581c347976f1562c1fef743ec52bd7...
2025/07/01 10:35:22 Starting OpenADP JSON-RPC server on :8084
2025/07/01 10:35:22 Database: /tmp/tmpo2azxitm_test_server_8084.db
2025/07/01 10:35:22 Authentication: true
2025/07/01 10:35:22 Server public key: 5FgcNHl28VYsH+90PsUr1xrUnstKwptH...
2025/07/01 10:35:25 Received handshake payload from client: 
2025/07/01 10:35:25 Handshake completed for session 8958cc00553baa5d...
2025/07/01 10:35:25 Successfully decrypted call for session 8958cc00553baa5d...
2025/07/01 10:35:25 Successfully encrypted response and cleaned up session 8958cc00553baa5d...
2025/07/01 10:35:25 Received handshake payload from client: 
2025/07/01 10:35:25 Handshake completed for session c480c4651fd5afbb...
2025/07/01 10:35:25 Successfully decrypted call for session c480c4651fd5afbb...
2025/07/01 10:35:25 Successfully encrypted response and cleaned up session c480c4651fd5afbb...
2025/07/01 10:35:25 Received handshake payload from client: 
2025/07/01 10:35:25 Handshake completed for session eee3efea4d40b3fb...
2025/07/01 10:35:25 Successfully decrypted call for session eee3efea4d40b3fb...
2025/07/01 10:35:25 Successfully encrypted response and cleaned up session eee3efea4d40b3fb...
2025/07/01 10:35:25 Received handshake payload from client: 
2025/07/01 10:35:25 Handshake completed for session 3f95a59e23362f34...
2025/07/01 10:35:25 Successfully decrypted call for session 3f95a59e23362f34...
2025/07/01 10:35:25 Successfully encrypted response and cleaned up session 3f95a59e23362f34...
2025/07/01 10:35:26 Received handshake payload from client: 
2025/07/01 10:35:26 Handshake completed for session 273dbcaec42f3018...
2025/07/01 10:35:26 Successfully decrypted call for session 273dbcaec42f3018...
2025/07/01 10:35:26 Successfully encrypted response and cleaned up session 273dbcaec42f3018...
2025/07/01 10:35:26 Received handshake payload from client: 
2025/07/01 10:35:26 Handshake completed for session 0cd128a635aa2369...
2025/07/01 10:35:26 Successfully decrypted call for session 0cd128a635aa2369...
2025/07/01 10:35:26 Successfully encrypted response and cleaned up session 0cd128a635aa2369...
2025/07/01 10:35:26 Received handshake payload from client: 
2025/07/01 10:35:26 Handshake completed for session 594ebe6dda09127d...
2025/07/01 10:35:26 Successfully decrypted call for session 594ebe6dda09127d...
2025/07/01 10:35:26 Successfully encrypted response and cleaned up session 594ebe6dda09127d...
2025/07/01 10:35:26 Received handshake payload from client: 
2025/07/01 10:35:26 Handshake completed for session session_17513913...
2025/07/01 10:35:26 Successfully decrypted call for session session_17513913...
2025/07/01 10:35:26 Successfully encrypted response and cleaned up session session_17513913...
2025/07/01 10:35:26 Received handshake payload from client: 
2025/07/01 10:35:26 Handshake completed for session session_17513913...
2025/07/01 10:35:26 Successfully decrypted call for session session_17513913...
2025/07/01 10:35:26 Successfully encrypted response and cleaned up session session_17513913...
2025/07/01 10:35:26 Received handshake payload from client: 
2025/07/01 10:35:26 Handshake completed for session 8cdefa6f4d670c85...
2025/07/01 10:35:26 Successfully decrypted call for session 8cdefa6f4d670c85...
2025/07/01 10:35:26 Successfully encrypted response and cleaned up session 8cdefa6f4d670c85...
2025/07/01 10:35:26 Received handshake payload from client: test
2025/07/01 10:35:26 Handshake completed for session 0jmpXjxsp7/AHS9o...
2025/07/01 10:35:26 Successfully decrypted call for session 0jmpXjxsp7/AHS9o...
2025/07/01 10:35:26 Successfully encrypted response and cleaned up session 0jmpXjxsp7/AHS9o...
2025/07/01 10:35:27 Received handshake payload from client: test
2025/07/01 10:35:27 Handshake completed for session pyx7OHXetQ5Og85W...
2025/07/01 10:35:27 Successfully decrypted call for session pyx7OHXetQ5Og85W...
2025/07/01 10:35:27 Successfully encrypted response and cleaned up session pyx7OHXetQ5Og85W...
2025/07/01 10:35:27 Received handshake payload from client: test
2025/07/01 10:35:27 Handshake completed for session 0cUlhDaLWojjNBfh...
2025/07/01 10:35:27 Successfully decrypted call for session 0cUlhDaLWojjNBfh...
2025/07/01 10:35:27 Successfully encrypted response and cleaned up session 0cUlhDaLWojjNBfh...
2025/07/01 10:35:27 Received handshake payload from client: test
2025/07/01 10:35:27 Handshake completed for session c73UufN+Y/ynr1OM...
2025/07/01 10:35:27 Successfully decrypted call for session c73UufN+Y/ynr1OM...
2025/07/01 10:35:27 Successfully encrypted response and cleaned up session c73UufN+Y/ynr1OM...
2025/07/01 10:35:27 Received handshake payload from client: 
2025/07/01 10:35:27 Handshake completed for session f804c4a09f084fef...
2025/07/01 10:35:27 Successfully decrypted call for session f804c4a09f084fef...
2025/07/01 10:35:27 Successfully encrypted response and cleaned up session f804c4a09f084fef...
2025/07/01 10:35:27 Received handshake payload from client: 
2025/07/01 10:35:27 Handshake completed for session eb144880c0ecf02d...
2025/07/01 10:35:27 Successfully decrypted call for session eb144880c0ecf02d...
2025/07/01 10:35:27 Successfully encrypted response and cleaned up session eb144880c0ecf02d...
2025/07/01 10:35:27 Received handshake payload from client: 
2025/07/01 10:35:27 Handshake completed for session 76eb3956c827d3a6...
2025/07/01 10:35:27 Successfully decrypted call for session 76eb3956c827d3a6...
2025/07/01 10:35:27 Successfully encrypted response and cleaned up session 76eb3956c827d3a6...
2025/07/01 10:35:27 Received handshake payload from client: 
2025/07/01 10:35:27 Handshake completed for session 36258a08c5e8741e...
2025/07/01 10:35:27 Successfully decrypted call for session 36258a08c5e8741e...
2025/07/01 10:35:27 Successfully encrypted response and cleaned up session 36258a08c5e8741e...
2025/07/01 10:35:27 Received handshake payload from client: 
2025/07/01 10:35:27 Handshake completed for session 1dc805063ae57853...
2025/07/01 10:35:27 Successfully decrypted call for session 1dc805063ae57853...
2025/07/01 10:35:27 Successfully encrypted response and cleaned up session 1dc805063ae57853...
2025/07/01 10:35:27 Received handshake payload from client: 
2025/07/01 10:35:27 Handshake completed for session 88589c40b3aa8f94...
2025/07/01 10:35:27 Successfully decrypted call for session 88589c40b3aa8f94...
2025/07/01 10:35:27 Successfully encrypted response and cleaned up session 88589c40b3aa8f94...
2025/07/01 10:35:27 Received handshake payload from client: 
2025/07/01 10:35:27 Handshake completed for session 83d9c8a1a26dbc2e...
2025/07/01 10:35:27 Successfully decrypted call for session 83d9c8a1a26dbc2e...
2025/07/01 10:35:27 Successfully encrypted response and cleaned up session 83d9c8a1a26dbc2e...
2025/07/01 10:35:27 Received handshake payload from client: 
2025/07/01 10:35:27 Handshake completed for session c178a0ed2f5ef328...
2025/07/01 10:35:27 Successfully decrypted call for session c178a0ed2f5ef328...
2025/07/01 10:35:27 Successfully encrypted response and cleaned up session c178a0ed2f5ef328...
2025/07/01 10:35:27 Received handshake payload from client: 
2025/07/01 10:35:27 Handshake completed for session d2832da152e3d8cf...
2025/07/01 10:35:27 Successfully decrypted call for session d2832da152e3d8cf...
2025/07/01 10:35:27 Successfully encrypted response and cleaned up session d2832da152e3d8cf...
2025/07/01 10:35:27 Received handshake payload from client: 
2025/07/01 10:35:27 Handshake completed for session b1c7d707b257182a...
2025/07/01 10:35:27 Successfully decrypted call for session b1c7d707b257182a...
2025/07/01 10:35:27 Successfully encrypted response and cleaned up session b1c7d707b257182a...
2025/07/01 10:35:28 Received handshake payload from client: 
2025/07/01 10:35:28 Handshake completed for session f6b152126c925fc2...
2025/07/01 10:35:28 Successfully decrypted call for session f6b152126c925fc2...
2025/07/01 10:35:28 Successfully encrypted response and cleaned up session f6b152126c925fc2...
2025/07/01 10:35:28 Received handshake payload from client: 
2025/07/01 10:35:28 Handshake completed for session session_17513913...
2025/07/01 10:35:28 Successfully decrypted call for session session_17513913...
2025/07/01 10:35:28 Successfully encrypted response and cleaned up session session_17513913...
2025/07/01 10:35:28 Received handshake payload from client: 
2025/07/01 10:35:28 Handshake completed for session session_17513913...
2025/07/01 10:35:28 Successfully decrypted call for session session_17513913...
2025/07/01 10:35:28 Successfully encrypted response and cleaned up session session_17513913...
2025/07/01 10:35:28 Received handshake payload from client: 
2025/07/01 10:35:28 Handshake completed for session 09198ef0916411c9...
2025/07/01 10:35:28 Successfully decrypted call for session 09198ef0916411c9...
2025/07/01 10:35:28 Successfully encrypted response and cleaned up session 09198ef0916411c9...
2025/07/01 10:35:28 Received handshake payload from client: test
2025/07/01 10:35:28 Handshake completed for session Q2gERp8V2nxMJpn7...
2025/07/01 10:35:28 Successfully decrypted call for session Q2gERp8V2nxMJpn7...
2025/07/01 10:35:28 Successfully encrypted response and cleaned up session Q2gERp8V2nxMJpn7...
2025/07/01 10:35:29 Received handshake payload from client: test
2025/07/01 10:35:29 Handshake completed for session +Bw4vqcoKgWjZmwY...
2025/07/01 10:35:29 Successfully decrypted call for session +Bw4vqcoKgWjZmwY...
2025/07/01 10:35:29 Successfully encrypted response and cleaned up session +Bw4vqcoKgWjZmwY...
2025/07/01 10:35:29 Received handshake payload from client: test
2025/07/01 10:35:29 Handshake completed for session kH4Ll8QR4bMgPrIk...
2025/07/01 10:35:29 Successfully decrypted call for session kH4Ll8QR4bMgPrIk...
2025/07/01 10:35:29 Successfully encrypted response and cleaned up session kH4Ll8QR4bMgPrIk...
2025/07/01 10:35:29 Received handshake payload from client: test
2025/07/01 10:35:29 Handshake completed for session rkGbQhUiBWeTDJ1p...
2025/07/01 10:35:29 Successfully decrypted call for session rkGbQhUiBWeTDJ1p...
2025/07/01 10:35:29 Successfully encrypted response and cleaned up session rkGbQhUiBWeTDJ1p...
2025/07/01 10:35:29 Received handshake payload from client: 
2025/07/01 10:35:29 Handshake completed for session 05ef2598926403ac...
2025/07/01 10:35:29 Successfully decrypted call for session 05ef2598926403ac...
2025/07/01 10:35:29 Successfully encrypted response and cleaned up session 05ef2598926403ac...
2025/07/01 10:35:29 Received handshake payload from client: 
2025/07/01 10:35:29 Handshake completed for session 77c083bdc7843f61...
2025/07/01 10:35:29 Successfully decrypted call for session 77c083bdc7843f61...
2025/07/01 10:35:29 Successfully encrypted response and cleaned up session 77c083bdc7843f61...
2025/07/01 10:35:29 Received handshake payload from client: 
2025/07/01 10:35:29 Handshake completed for session e54db4965a7bf6dc...
2025/07/01 10:35:29 Successfully decrypted call for session e54db4965a7bf6dc...
2025/07/01 10:35:29 Successfully encrypted response and cleaned up session e54db4965a7bf6dc...
2025/07/01 10:35:29 Received handshake payload from client: 
2025/07/01 10:35:29 Handshake completed for session ba22af41c752b3ad...
2025/07/01 10:35:29 Successfully decrypted call for session ba22af41c752b3ad...
2025/07/01 10:35:29 Successfully encrypted response and cleaned up session ba22af41c752b3ad...
2025/07/01 10:35:29 Received handshake payload from client: 
2025/07/01 10:35:29 Handshake completed for session session_17513913...
2025/07/01 10:35:29 Successfully decrypted call for session session_17513913...
2025/07/01 10:35:29 Successfully encrypted response and cleaned up session session_17513913...
2025/07/01 10:35:29 Received handshake payload from client: 
2025/07/01 10:35:29 Handshake completed for session 640f0de08a9ba3de...
2025/07/01 10:35:29 Successfully decrypted call for session 640f0de08a9ba3de...
2025/07/01 10:35:29 Successfully encrypted response and cleaned up session 640f0de08a9ba3de...
2025/07/01 10:35:29 Received handshake payload from client: 
2025/07/01 10:35:29 Handshake completed for session af3dd4bd87f4d243...
2025/07/01 10:35:29 Successfully decrypted call for session af3dd4bd87f4d243...
2025/07/01 10:35:29 Successfully encrypted response and cleaned up session af3dd4bd87f4d243...
2025/07/01 10:35:29 Received handshake payload from client: 
2025/07/01 10:35:29 Handshake completed for session session_17513913...
2025/07/01 10:35:29 Successfully decrypted call for session session_17513913...
2025/07/01 10:35:29 Successfully encrypted response and cleaned up session session_17513913...
2025/07/01 10:35:29 Received handshake payload from client: 
2025/07/01 10:35:29 Handshake completed for session 4826f27ae89626f5...
2025/07/01 10:35:29 Successfully decrypted call for session 4826f27ae89626f5...
2025/07/01 10:35:29 Successfully encrypted response and cleaned up session 4826f27ae89626f5...
2025/07/01 10:35:29 Received handshake payload from client: 
2025/07/01 10:35:29 Handshake completed for session 15284ffe25818107...
2025/07/01 10:35:29 Successfully decrypted call for session 15284ffe25818107...
2025/07/01 10:35:29 Successfully encrypted response and cleaned up session 15284ffe25818107...
2025/07/01 10:35:30 Received handshake payload from client: 
2025/07/01 10:35:30 Handshake completed for session session_17513913...
2025/07/01 10:35:30 Successfully decrypted call for session session_17513913...
2025/07/01 10:35:30 Successfully encrypted response and cleaned up session session_17513913...
2025/07/01 10:35:30 Received handshake payload from client: 
2025/07/01 10:35:30 Handshake completed for session session_17513913...
2025/07/01 10:35:30 Successfully decrypted call for session session_17513913...
2025/07/01 10:35:30 Successfully encrypted response and cleaned up session session_17513913...
2025/07/01 10:35:30 Received handshake payload from client: 
2025/07/01 10:35:30 Handshake completed for session session_17513913...
2025/07/01 10:35:30 Successfully decrypted call for session session_17513913...
2025/07/01 10:35:30 Successfully encrypted response and cleaned up session session_17513913...
2025/07/01 10:35:30 Received handshake payload from client: 
2025/07/01 10:35:30 Handshake completed for session session_17513913...
2025/07/01 10:35:30 Successfully decrypted call for session session_17513913...
2025/07/01 10:35:30 Successfully encrypted response and cleaned up session session_17513913...
2025/07/01 10:35:30 Received handshake payload from client: test
2025/07/01 10:35:30 Handshake completed for session OUqPlaABjMTXiPOn...
2025/07/01 10:35:30 Successfully decrypted call for session OUqPlaABjMTXiPOn...
2025/07/01 10:35:30 Successfully encrypted response and cleaned up session OUqPlaABjMTXiPOn...
2025/07/01 10:35:30 Received handshake payload from client: test
2025/07/01 10:35:30 Handshake completed for session QL7HZ6hTABcelHd8...
2025/07/01 10:35:30 Successfully decrypted call for session QL7HZ6hTABcelHd8...
2025/07/01 10:35:30 Successfully encrypted response and cleaned up session QL7HZ6hTABcelHd8...
2025/07/01 10:35:31 Received handshake payload from client: test
2025/07/01 10:35:31 Handshake completed for session VjSNMF8KQlwQCVkm...
2025/07/01 10:35:31 Successfully decrypted call for session VjSNMF8KQlwQCVkm...
2025/07/01 10:35:31 Successfully encrypted response and cleaned up session VjSNMF8KQlwQCVkm...
2025/07/01 10:35:31 Received handshake payload from client: test
2025/07/01 10:35:31 Handshake completed for session WrhhVEkU9/Fuk+I+...
2025/07/01 10:35:31 Successfully decrypted call for session WrhhVEkU9/Fuk+I+...
2025/07/01 10:35:31 Successfully encrypted response and cleaned up session WrhhVEkU9/Fuk+I+...
2025/07/01 10:35:31 Received handshake payload from client: 
2025/07/01 10:35:31 Handshake completed for session session_17513913...
2025/07/01 10:35:31 Successfully decrypted call for session session_17513913...
2025/07/01 10:35:31 Successfully encrypted response and cleaned up session session_17513913...
2025/07/01 10:35:31 Received handshake payload from client: 
2025/07/01 10:35:31 Handshake completed for session 4eb6348f97e8e869...
2025/07/01 10:35:31 Successfully decrypted call for session 4eb6348f97e8e869...
2025/07/01 10:35:31 Successfully encrypted response and cleaned up session 4eb6348f97e8e869...
2025/07/01 10:35:31 Received handshake payload from client: 
2025/07/01 10:35:31 Handshake completed for session acedfd0235892965...
2025/07/01 10:35:31 Successfully decrypted call for session acedfd0235892965...
2025/07/01 10:35:31 Successfully encrypted response and cleaned up session acedfd0235892965...
2025/07/01 10:35:31 Received handshake payload from client: 
2025/07/01 10:35:31 Handshake completed for session 9d4e8edebabcabda...
2025/07/01 10:35:31 Successfully decrypted call for session 9d4e8edebabcabda...
2025/07/01 10:35:31 Successfully encrypted response and cleaned up session 9d4e8edebabcabda...
2025/07/01 10:35:31 Received handshake payload from client: test
2025/07/01 10:35:31 Handshake completed for session XkDjzea+Bfy0iC7U...
2025/07/01 10:35:31 Successfully decrypted call for session XkDjzea+Bfy0iC7U...
2025/07/01 10:35:31 Successfully encrypted response and cleaned up session XkDjzea+Bfy0iC7U...
2025/07/01 10:35:31 Received handshake payload from client: 
2025/07/01 10:35:31 Handshake completed for session 1df605d608cc18ca...
2025/07/01 10:35:31 Successfully decrypted call for session 1df605d608cc18ca...
2025/07/01 10:35:31 Successfully encrypted response and cleaned up session 1df605d608cc18ca...
2025/07/01 10:35:31 Received handshake payload from client: 
2025/07/01 10:35:31 Handshake completed for session 0708a8a07a6973aa...
2025/07/01 10:35:31 Successfully decrypted call for session 0708a8a07a6973aa...
2025/07/01 10:35:31 Successfully encrypted response and cleaned up session 0708a8a07a6973aa...
2025/07/01 10:35:31 Received handshake payload from client: test
2025/07/01 10:35:31 Handshake completed for session ndcNZt/UrCnFSxIO...
2025/07/01 10:35:31 Successfully decrypted call for session ndcNZt/UrCnFSxIO...
2025/07/01 10:35:31 Successfully encrypted response and cleaned up session ndcNZt/UrCnFSxIO...
2025/07/01 10:35:31 Received handshake payload from client: 
2025/07/01 10:35:31 Handshake completed for session bb523da499e22da6...
2025/07/01 10:35:31 Successfully decrypted call for session bb523da499e22da6...
2025/07/01 10:35:31 Successfully encrypted response and cleaned up session bb523da499e22da6...
2025/07/01 10:35:31 Received handshake payload from client: 
2025/07/01 10:35:31 Handshake completed for session 3246281ce487b3c0...
2025/07/01 10:35:31 Successfully decrypted call for session 3246281ce487b3c0...
2025/07/01 10:35:31 Successfully encrypted response and cleaned up session 3246281ce487b3c0...
2025/07/01 10:35:32 Received handshake payload from client: test
2025/07/01 10:35:32 Handshake completed for session gn3Aqn1ehCU0NW1m...
2025/07/01 10:35:32 Successfully decrypted call for session gn3Aqn1ehCU0NW1m...
2025/07/01 10:35:32 Successfully encrypted response and cleaned up session gn3Aqn1ehCU0NW1m...
2025/07/01 10:35:32 Received handshake payload from client: 
2025/07/01 10:35:32 Handshake completed for session session_17513913...
2025/07/01 10:35:32 Successfully decrypted call for session session_17513913...
2025/07/01 10:35:32 Successfully encrypted response and cleaned up session session_17513913...
2025/07/01 10:35:32 Received handshake payload from client: 
2025/07/01 10:35:32 Handshake completed for session session_17513913...
2025/07/01 10:35:32 Successfully decrypted call for session session_17513913...
2025/07/01 10:35:32 Successfully encrypted response and cleaned up session session_17513913...
2025/07/01 10:35:32 Received handshake payload from client: test
2025/07/01 10:35:32 Handshake completed for session YsOCSz+qGgW6UDeA...
2025/07/01 10:35:32 Successfully decrypted call for session YsOCSz+qGgW6UDeA...
2025/07/01 10:35:32 Successfully encrypted response and cleaned up session YsOCSz+qGgW6UDeA...
2025/07/01 10:35:32 Received handshake payload from client: test
2025/07/01 10:35:32 Handshake completed for session 0eLTWJmD7NnrW12+...
2025/07/01 10:35:32 Successfully decrypted call for session 0eLTWJmD7NnrW12+...
2025/07/01 10:35:32 Successfully encrypted response and cleaned up session 0eLTWJmD7NnrW12+...
2025/07/01 10:35:33 Received handshake payload from client: test
2025/07/01 10:35:33 Handshake completed for session tQUQqqNrt++Ir7N3...
2025/07/01 10:35:33 Successfully decrypted call for session tQUQqqNrt++Ir7N3...
2025/07/01 10:35:33 Successfully encrypted response and cleaned up session tQUQqqNrt++Ir7N3...
2025/07/01 10:35:33 Received handshake payload from client: test
2025/07/01 10:35:33 Handshake completed for session CxyZPAyLhB+tRHMC...
2025/07/01 10:35:33 Successfully decrypted call for session CxyZPAyLhB+tRHMC...
2025/07/01 10:35:33 Successfully encrypted response and cleaned up session CxyZPAyLhB+tRHMC...
2025/07/01 10:35:33 Received handshake payload from client: test
2025/07/01 10:35:33 Handshake completed for session PFgJJXXV0bvEz/pn...
2025/07/01 10:35:33 Successfully decrypted call for session PFgJJXXV0bvEz/pn...
2025/07/01 10:35:33 Successfully encrypted response and cleaned up session PFgJJXXV0bvEz/pn...
2025/07/01 10:35:33 Received handshake payload from client: test
2025/07/01 10:35:33 Handshake completed for session QF+Q12FrAwGDM7/B...
2025/07/01 10:35:33 Successfully decrypted call for session QF+Q12FrAwGDM7/B...
2025/07/01 10:35:33 Successfully encrypted response and cleaned up session QF+Q12FrAwGDM7/B...
2025/07/01 10:35:33 Received handshake payload from client: 
2025/07/01 10:35:33 Handshake completed for session 536937a306fbbf2f...
2025/07/01 10:35:33 Successfully decrypted call for session 536937a306fbbf2f...
2025/07/01 10:35:33 Successfully encrypted response and cleaned up session 536937a306fbbf2f...
2025/07/01 10:35:33 Received handshake payload from client: 
2025/07/01 10:35:33 Handshake completed for session 05d3a157b468de85...
2025/07/01 10:35:33 Successfully decrypted call for session 05d3a157b468de85...
2025/07/01 10:35:33 Successfully encrypted response and cleaned up session 05d3a157b468de85...
2025/07/01 10:35:33 Received handshake payload from client: 
2025/07/01 10:35:33 Handshake completed for session 26764e48fb359798...
2025/07/01 10:35:33 Successfully decrypted call for session 26764e48fb359798...
2025/07/01 10:35:33 Successfully encrypted response and cleaned up session 26764e48fb359798...
2025/07/01 10:35:33 Received handshake payload from client: 
2025/07/01 10:35:33 Handshake completed for session cc885fb9c6180d8e...
2025/07/01 10:35:33 Successfully decrypted call for session cc885fb9c6180d8e...
2025/07/01 10:35:33 Successfully encrypted response and cleaned up session cc885fb9c6180d8e...
2025/07/01 10:35:33 Received handshake payload from client: 
2025/07/01 10:35:33 Handshake completed for session 87123f2d6ea5ac87...
2025/07/01 10:35:33 Successfully decrypted call for session 87123f2d6ea5ac87...
2025/07/01 10:35:33 Successfully encrypted response and cleaned up session 87123f2d6ea5ac87...
2025/07/01 10:35:33 Received handshake payload from client: 
2025/07/01 10:35:33 Handshake completed for session 098de73e0322c43c...
2025/07/01 10:35:33 Successfully decrypted call for session 098de73e0322c43c...
2025/07/01 10:35:33 Successfully encrypted response and cleaned up session 098de73e0322c43c...
2025/07/01 10:35:33 Received handshake payload from client: 
2025/07/01 10:35:33 Handshake completed for session a5f4d204aedad40b...
2025/07/01 10:35:33 Successfully decrypted call for session a5f4d204aedad40b...
2025/07/01 10:35:33 Successfully encrypted response and cleaned up session a5f4d204aedad40b...
2025/07/01 10:35:33 Received handshake payload from client: 
2025/07/01 10:35:33 Handshake completed for session 577e642f928eb990...
2025/07/01 10:35:33 Successfully decrypted call for session 577e642f928eb990...
2025/07/01 10:35:33 Successfully encrypted response and cleaned up session 577e642f928eb990...
2025/07/01 10:35:33 Received handshake payload from client: 
2025/07/01 10:35:33 Handshake completed for session 17ca84f7d6a51aa0...
2025/07/01 10:35:33 Successfully decrypted call for session 17ca84f7d6a51aa0...
2025/07/01 10:35:33 Successfully encrypted response and cleaned up session 17ca84f7d6a51aa0...
2025/07/01 10:35:33 Received handshake payload from client: 
2025/07/01 10:35:33 Handshake completed for session ece645d81c4a73f7...
2025/07/01 10:35:33 Successfully decrypted call for session ece645d81c4a73f7...
2025/07/01 10:35:33 Successfully encrypted response and cleaned up session ece645d81c4a73f7...
2025/07/01 10:35:34 Received handshake payload from client: 
2025/07/01 10:35:34 Handshake completed for session session_17513913...
2025/07/01 10:35:34 Successfully decrypted call for session session_17513913...
2025/07/01 10:35:34 Successfully encrypted response and cleaned up session session_17513913...
2025/07/01 10:35:34 Received handshake payload from client: 
2025/07/01 10:35:34 Handshake completed for session session_17513913...
2025/07/01 10:35:34 Successfully decrypted call for session session_17513913...
2025/07/01 10:35:34 Successfully encrypted response and cleaned up session session_17513913...
2025/07/01 10:35:34 Received handshake payload from client: 
2025/07/01 10:35:34 Handshake completed for session 5fa5cb5c17e9c564...
2025/07/01 10:35:34 Successfully decrypted call for session 5fa5cb5c17e9c564...
2025/07/01 10:35:34 Successfully encrypted response and cleaned up session 5fa5cb5c17e9c564...
2025/07/01 10:35:34 Received handshake payload from client: test
2025/07/01 10:35:34 Handshake completed for session iwdQtmgkwQQ9SkCi...
2025/07/01 10:35:34 Successfully decrypted call for session iwdQtmgkwQQ9SkCi...
2025/07/01 10:35:34 Successfully encrypted response and cleaned up session iwdQtmgkwQQ9SkCi...
2025/07/01 10:35:34 Received handshake payload from client: test
2025/07/01 10:35:34 Handshake completed for session /5KvHqV6P2DgmliU...
2025/07/01 10:35:34 Successfully decrypted call for session /5KvHqV6P2DgmliU...
2025/07/01 10:35:34 Successfully encrypted response and cleaned up session /5KvHqV6P2DgmliU...
2025/07/01 10:35:34 Received handshake payload from client: test
2025/07/01 10:35:34 Handshake completed for session 1Pt14Hwrxfop2Rc4...
2025/07/01 10:35:34 Successfully decrypted call for session 1Pt14Hwrxfop2Rc4...
2025/07/01 10:35:34 Successfully encrypted response and cleaned up session 1Pt14Hwrxfop2Rc4...
2025/07/01 10:35:35 Received handshake payload from client: test
2025/07/01 10:35:35 Handshake completed for session j72T5gwn2qE2iH8u...
2025/07/01 10:35:35 Successfully decrypted call for session j72T5gwn2qE2iH8u...
2025/07/01 10:35:35 Successfully encrypted response and cleaned up session j72T5gwn2qE2iH8u...
2025/07/01 10:35:35 Received handshake payload from client: 
2025/07/01 10:35:35 Handshake completed for session 4aefe45a97a348c8...
2025/07/01 10:35:35 Successfully decrypted call for session 4aefe45a97a348c8...
2025/07/01 10:35:35 Successfully encrypted response and cleaned up session 4aefe45a97a348c8...
2025/07/01 10:35:35 Received handshake payload from client: 
2025/07/01 10:35:35 Handshake completed for session d1d9774c4c3f06d3...
2025/07/01 10:35:35 Successfully decrypted call for session d1d9774c4c3f06d3...
2025/07/01 10:35:35 Successfully encrypted response and cleaned up session d1d9774c4c3f06d3...
2025/07/01 10:35:35 Received handshake payload from client: 
2025/07/01 10:35:35 Handshake completed for session ab3c3c5edef9bc22...
2025/07/01 10:35:35 Successfully decrypted call for session ab3c3c5edef9bc22...
2025/07/01 10:35:35 Successfully encrypted response and cleaned up session ab3c3c5edef9bc22...
2025/07/01 10:35:35 Received handshake payload from client: 
2025/07/01 10:35:35 Handshake completed for session 789e63a01889abb9...
2025/07/01 10:35:35 Successfully decrypted call for session 789e63a01889abb9...
2025/07/01 10:35:35 Successfully encrypted response and cleaned up session 789e63a01889abb9...
