2025/07/06 09:39:48 Generating new server key pair...
2025/07/06 09:39:48 Generated and stored new server key pair
2025/07/06 09:39:48 🐛 Enabling Noise-NK debug mode for detailed logging
2025/07/06 09:39:48 Noise-NK session manager initialized with public key: e77c62ea5904c495eaff1e335bc22124...
2025/07/06 09:39:48 Starting OpenADP JSON-RPC server on :8081
2025/07/06 09:39:48 Database: /tmp/tmpbpgenvz3_test_server_8081.db
2025/07/06 09:39:48 Authentication: true
2025/07/06 09:39:48 Server public key: 53xi6lkExJXq/x4zW8IhJIqR3jeV7mO3...
2025/07/06 09:40:01 Received handshake payload from client: 
2025/07/06 09:40:01 Handshake completed for session 12fca6f00ca1d873...
2025/07/06 09:40:01 Successfully decrypted call for session 12fca6f00ca1d873...
2025/07/06 09:40:01 Successfully encrypted response and cleaned up session 12fca6f00ca1d873...
2025/07/06 09:40:01 Received handshake payload from client: 
2025/07/06 09:40:01 Handshake completed for session e3b594b5d841c842...
2025/07/06 09:40:01 Successfully decrypted call for session e3b594b5d841c842...
2025/07/06 09:40:01 Successfully encrypted response and cleaned up session e3b594b5d841c842...
2025/07/06 09:40:01 Received handshake payload from client: 
2025/07/06 09:40:01 Handshake completed for session 718ccee772e35056...
2025/07/06 09:40:01 Successfully decrypted call for session 718ccee772e35056...
2025/07/06 09:40:01 Successfully encrypted response and cleaned up session 718ccee772e35056...
2025/07/06 09:40:01 Received handshake payload from client: 
2025/07/06 09:40:01 Handshake completed for session 78d7954e0c805621...
2025/07/06 09:40:01 Successfully decrypted call for session 78d7954e0c805621...
2025/07/06 09:40:01 Successfully encrypted response and cleaned up session 78d7954e0c805621...
2025/07/06 09:40:01 Received handshake payload from client: 
2025/07/06 09:40:01 Handshake completed for session a58091fff5212689...
2025/07/06 09:40:01 Successfully decrypted call for session a58091fff5212689...
2025/07/06 09:40:01 Successfully encrypted response and cleaned up session a58091fff5212689...
2025/07/06 09:40:01 Received handshake payload from client: 
2025/07/06 09:40:01 Handshake completed for session 48075a03a30ae9d1...
2025/07/06 09:40:01 Successfully decrypted call for session 48075a03a30ae9d1...
2025/07/06 09:40:01 Successfully encrypted response and cleaned up session 48075a03a30ae9d1...
2025/07/06 09:40:01 Received handshake payload from client: 
2025/07/06 09:40:01 Handshake completed for session be9cfe0a1d5eafd2...
2025/07/06 09:40:01 Successfully decrypted call for session be9cfe0a1d5eafd2...
2025/07/06 09:40:01 Successfully encrypted response and cleaned up session be9cfe0a1d5eafd2...
2025/07/06 09:40:01 Received handshake payload from client: 
2025/07/06 09:40:01 Handshake completed for session session_17518200...
2025/07/06 09:40:01 Successfully decrypted call for session session_17518200...
2025/07/06 09:40:01 Successfully encrypted response and cleaned up session session_17518200...
2025/07/06 09:40:01 Received handshake payload from client: 
2025/07/06 09:40:01 Handshake completed for session session_17518200...
2025/07/06 09:40:01 Successfully decrypted call for session session_17518200...
2025/07/06 09:40:01 Successfully encrypted response and cleaned up session session_17518200...
2025/07/06 09:40:01 Received handshake payload from client: 
2025/07/06 09:40:01 Handshake completed for session 923f504cfc37288c...
2025/07/06 09:40:01 Successfully decrypted call for session 923f504cfc37288c...
2025/07/06 09:40:01 Successfully encrypted response and cleaned up session 923f504cfc37288c...
2025/07/06 09:40:01 Received handshake payload from client: test
2025/07/06 09:40:01 Handshake completed for session ewP8vhv3Kihfeis+...
2025/07/06 09:40:01 Successfully decrypted call for session ewP8vhv3Kihfeis+...
2025/07/06 09:40:01 Successfully encrypted response and cleaned up session ewP8vhv3Kihfeis+...
2025/07/06 09:40:01 Received handshake payload from client: test
2025/07/06 09:40:01 Handshake completed for session ckd9Pv5/BdDY6Ka0...
2025/07/06 09:40:01 Successfully decrypted call for session ckd9Pv5/BdDY6Ka0...
2025/07/06 09:40:01 Successfully encrypted response and cleaned up session ckd9Pv5/BdDY6Ka0...
2025/07/06 09:40:01 Received handshake payload from client: test
2025/07/06 09:40:01 Handshake completed for session gNYpED6Z6Mdb2ykP...
2025/07/06 09:40:01 Successfully decrypted call for session gNYpED6Z6Mdb2ykP...
2025/07/06 09:40:01 Successfully encrypted response and cleaned up session gNYpED6Z6Mdb2ykP...
2025/07/06 09:40:02 Received handshake payload from client: test
2025/07/06 09:40:02 Handshake completed for session wkyPfwfYRNlEfzp/...
2025/07/06 09:40:02 Successfully decrypted call for session wkyPfwfYRNlEfzp/...
2025/07/06 09:40:02 Successfully encrypted response and cleaned up session wkyPfwfYRNlEfzp/...
2025/07/06 09:40:02 Received handshake payload from client: 
2025/07/06 09:40:02 Handshake completed for session 9bf797063768b438...
2025/07/06 09:40:02 Successfully decrypted call for session 9bf797063768b438...
2025/07/06 09:40:02 Successfully encrypted response and cleaned up session 9bf797063768b438...
2025/07/06 09:40:02 Received handshake payload from client: 
2025/07/06 09:40:02 Handshake completed for session 69b773da82dd7a31...
2025/07/06 09:40:02 Successfully decrypted call for session 69b773da82dd7a31...
2025/07/06 09:40:02 Successfully encrypted response and cleaned up session 69b773da82dd7a31...
2025/07/06 09:40:02 Received handshake payload from client: 
2025/07/06 09:40:02 Handshake completed for session b6c38aec1e0828a3...
2025/07/06 09:40:02 Successfully decrypted call for session b6c38aec1e0828a3...
2025/07/06 09:40:02 Successfully encrypted response and cleaned up session b6c38aec1e0828a3...
2025/07/06 09:40:02 Received handshake payload from client: 
2025/07/06 09:40:02 Handshake completed for session 057d4ca10311c0ee...
2025/07/06 09:40:02 Successfully decrypted call for session 057d4ca10311c0ee...
2025/07/06 09:40:02 Successfully encrypted response and cleaned up session 057d4ca10311c0ee...
2025/07/06 09:40:02 Received handshake payload from client: 
2025/07/06 09:40:02 Handshake completed for session 77962a474e2908d7...
2025/07/06 09:40:02 Successfully decrypted call for session 77962a474e2908d7...
2025/07/06 09:40:02 Successfully encrypted response and cleaned up session 77962a474e2908d7...
2025/07/06 09:40:02 Received handshake payload from client: 
2025/07/06 09:40:02 Handshake completed for session 97f3e1d4f6dc6570...
2025/07/06 09:40:02 Successfully decrypted call for session 97f3e1d4f6dc6570...
2025/07/06 09:40:02 Successfully encrypted response and cleaned up session 97f3e1d4f6dc6570...
2025/07/06 09:40:02 Received handshake payload from client: 
2025/07/06 09:40:02 Handshake completed for session c5cb637ad05e3a57...
2025/07/06 09:40:02 Successfully decrypted call for session c5cb637ad05e3a57...
2025/07/06 09:40:02 Successfully encrypted response and cleaned up session c5cb637ad05e3a57...
2025/07/06 09:40:02 Received handshake payload from client: 
2025/07/06 09:40:02 Handshake completed for session 8188e31cc8ad87df...
2025/07/06 09:40:02 Successfully decrypted call for session 8188e31cc8ad87df...
2025/07/06 09:40:02 Successfully encrypted response and cleaned up session 8188e31cc8ad87df...
2025/07/06 09:40:02 Received handshake payload from client: 
2025/07/06 09:40:02 Handshake completed for session abaa076a03a1ab2d...
2025/07/06 09:40:02 Successfully decrypted call for session abaa076a03a1ab2d...
2025/07/06 09:40:02 Successfully encrypted response and cleaned up session abaa076a03a1ab2d...
2025/07/06 09:40:02 Received handshake payload from client: 
2025/07/06 09:40:02 Handshake completed for session f849778d1ab5e651...
2025/07/06 09:40:02 Successfully decrypted call for session f849778d1ab5e651...
2025/07/06 09:40:02 Successfully encrypted response and cleaned up session f849778d1ab5e651...
2025/07/06 09:40:03 Received handshake payload from client: 
2025/07/06 09:40:03 Handshake completed for session b8259080df61b818...
2025/07/06 09:40:03 Successfully decrypted call for session b8259080df61b818...
2025/07/06 09:40:03 Successfully encrypted response and cleaned up session b8259080df61b818...
2025/07/06 09:40:03 Received handshake payload from client: 
2025/07/06 09:40:03 Handshake completed for session session_17518200...
2025/07/06 09:40:03 Successfully decrypted call for session session_17518200...
2025/07/06 09:40:03 Successfully encrypted response and cleaned up session session_17518200...
2025/07/06 09:40:03 Received handshake payload from client: 
2025/07/06 09:40:03 Handshake completed for session session_17518200...
2025/07/06 09:40:03 Successfully decrypted call for session session_17518200...
2025/07/06 09:40:03 Successfully encrypted response and cleaned up session session_17518200...
2025/07/06 09:40:03 Received handshake payload from client: 
2025/07/06 09:40:03 Handshake completed for session 6b7b30580eb15d5f...
2025/07/06 09:40:03 Successfully decrypted call for session 6b7b30580eb15d5f...
2025/07/06 09:40:03 Successfully encrypted response and cleaned up session 6b7b30580eb15d5f...
2025/07/06 09:40:03 Received handshake payload from client: test
2025/07/06 09:40:03 Handshake completed for session CNUpNXT+pL2kDE9w...
2025/07/06 09:40:03 Successfully decrypted call for session CNUpNXT+pL2kDE9w...
2025/07/06 09:40:03 Successfully encrypted response and cleaned up session CNUpNXT+pL2kDE9w...
2025/07/06 09:40:03 Received handshake payload from client: test
2025/07/06 09:40:03 Handshake completed for session 97MRLK2h+s0KW3uT...
2025/07/06 09:40:03 Successfully decrypted call for session 97MRLK2h+s0KW3uT...
2025/07/06 09:40:03 Successfully encrypted response and cleaned up session 97MRLK2h+s0KW3uT...
2025/07/06 09:40:03 Received handshake payload from client: test
2025/07/06 09:40:03 Handshake completed for session 5keR+zMJYZ/meitx...
2025/07/06 09:40:03 Successfully decrypted call for session 5keR+zMJYZ/meitx...
2025/07/06 09:40:03 Successfully encrypted response and cleaned up session 5keR+zMJYZ/meitx...
2025/07/06 09:40:04 Received handshake payload from client: test
2025/07/06 09:40:04 Handshake completed for session MFAlL2dEv+Zrraan...
2025/07/06 09:40:04 Successfully decrypted call for session MFAlL2dEv+Zrraan...
2025/07/06 09:40:04 Successfully encrypted response and cleaned up session MFAlL2dEv+Zrraan...
2025/07/06 09:40:04 Received handshake payload from client: 
2025/07/06 09:40:04 Handshake completed for session 8818c76f54fba215...
2025/07/06 09:40:04 Successfully decrypted call for session 8818c76f54fba215...
2025/07/06 09:40:04 Successfully encrypted response and cleaned up session 8818c76f54fba215...
2025/07/06 09:40:04 Received handshake payload from client: 
2025/07/06 09:40:04 Handshake completed for session 4ec47cefb461576e...
2025/07/06 09:40:04 Successfully decrypted call for session 4ec47cefb461576e...
2025/07/06 09:40:04 Successfully encrypted response and cleaned up session 4ec47cefb461576e...
2025/07/06 09:40:04 Received handshake payload from client: 
2025/07/06 09:40:04 Handshake completed for session 6089c65b0086dbfb...
2025/07/06 09:40:04 Successfully decrypted call for session 6089c65b0086dbfb...
2025/07/06 09:40:04 Successfully encrypted response and cleaned up session 6089c65b0086dbfb...
2025/07/06 09:40:04 Received handshake payload from client: 
2025/07/06 09:40:04 Handshake completed for session 64b594d894e5b8b6...
2025/07/06 09:40:04 Successfully decrypted call for session 64b594d894e5b8b6...
2025/07/06 09:40:04 Successfully encrypted response and cleaned up session 64b594d894e5b8b6...
2025/07/06 09:40:04 Received handshake payload from client: 
2025/07/06 09:40:04 Handshake completed for session session_17518200...
2025/07/06 09:40:04 Successfully decrypted call for session session_17518200...
2025/07/06 09:40:04 Successfully encrypted response and cleaned up session session_17518200...
2025/07/06 09:40:04 Received handshake payload from client: 
2025/07/06 09:40:04 Handshake completed for session 0b869d2e3c35b4ff...
2025/07/06 09:40:04 Successfully decrypted call for session 0b869d2e3c35b4ff...
2025/07/06 09:40:04 Successfully encrypted response and cleaned up session 0b869d2e3c35b4ff...
2025/07/06 09:40:04 Received handshake payload from client: 
2025/07/06 09:40:04 Handshake completed for session 03981d498185d322...
2025/07/06 09:40:04 Successfully decrypted call for session 03981d498185d322...
2025/07/06 09:40:04 Successfully encrypted response and cleaned up session 03981d498185d322...
2025/07/06 09:40:04 Received handshake payload from client: 
2025/07/06 09:40:04 Handshake completed for session session_17518200...
2025/07/06 09:40:04 Successfully decrypted call for session session_17518200...
2025/07/06 09:40:04 Successfully encrypted response and cleaned up session session_17518200...
2025/07/06 09:40:04 Received handshake payload from client: 
2025/07/06 09:40:04 Handshake completed for session 58240bbba92aca30...
2025/07/06 09:40:04 Successfully decrypted call for session 58240bbba92aca30...
2025/07/06 09:40:04 Successfully encrypted response and cleaned up session 58240bbba92aca30...
2025/07/06 09:40:04 Received handshake payload from client: 
2025/07/06 09:40:04 Handshake completed for session b500b900fcef8b28...
2025/07/06 09:40:04 Successfully decrypted call for session b500b900fcef8b28...
2025/07/06 09:40:04 Successfully encrypted response and cleaned up session b500b900fcef8b28...
2025/07/06 09:40:05 Received handshake payload from client: 
2025/07/06 09:40:05 Handshake completed for session session_17518200...
2025/07/06 09:40:05 Successfully decrypted call for session session_17518200...
2025/07/06 09:40:05 Successfully encrypted response and cleaned up session session_17518200...
2025/07/06 09:40:05 Received handshake payload from client: 
2025/07/06 09:40:05 Handshake completed for session session_17518200...
2025/07/06 09:40:05 Successfully decrypted call for session session_17518200...
2025/07/06 09:40:05 Successfully encrypted response and cleaned up session session_17518200...
2025/07/06 09:40:05 Received handshake payload from client: 
2025/07/06 09:40:05 Handshake completed for session session_17518200...
2025/07/06 09:40:05 Successfully decrypted call for session session_17518200...
2025/07/06 09:40:05 Successfully encrypted response and cleaned up session session_17518200...
2025/07/06 09:40:05 Received handshake payload from client: 
2025/07/06 09:40:05 Handshake completed for session session_17518200...
2025/07/06 09:40:05 Successfully decrypted call for session session_17518200...
2025/07/06 09:40:05 Successfully encrypted response and cleaned up session session_17518200...
2025/07/06 09:40:05 Received handshake payload from client: test
2025/07/06 09:40:05 Handshake completed for session 7NItITTIf3cKjUDy...
2025/07/06 09:40:05 Successfully decrypted call for session 7NItITTIf3cKjUDy...
2025/07/06 09:40:05 Successfully encrypted response and cleaned up session 7NItITTIf3cKjUDy...
2025/07/06 09:40:05 Received handshake payload from client: test
2025/07/06 09:40:05 Handshake completed for session vPTwFejK4Co6xGde...
2025/07/06 09:40:05 Successfully decrypted call for session vPTwFejK4Co6xGde...
2025/07/06 09:40:05 Successfully encrypted response and cleaned up session vPTwFejK4Co6xGde...
2025/07/06 09:40:05 Received handshake payload from client: test
2025/07/06 09:40:05 Handshake completed for session GdakZsxDqnqAiCiG...
2025/07/06 09:40:05 Successfully decrypted call for session GdakZsxDqnqAiCiG...
2025/07/06 09:40:05 Successfully encrypted response and cleaned up session GdakZsxDqnqAiCiG...
2025/07/06 09:40:06 Received handshake payload from client: test
2025/07/06 09:40:06 Handshake completed for session Nq6unAaGZcq8PeJ0...
2025/07/06 09:40:06 Successfully decrypted call for session Nq6unAaGZcq8PeJ0...
2025/07/06 09:40:06 Successfully encrypted response and cleaned up session Nq6unAaGZcq8PeJ0...
2025/07/06 09:40:06 Received handshake payload from client: 
2025/07/06 09:40:06 Handshake completed for session session_17518200...
2025/07/06 09:40:06 Successfully decrypted call for session session_17518200...
2025/07/06 09:40:06 Successfully encrypted response and cleaned up session session_17518200...
2025/07/06 09:40:06 Received handshake payload from client: 
2025/07/06 09:40:06 Handshake completed for session ac2af059bbe401e5...
2025/07/06 09:40:06 Successfully decrypted call for session ac2af059bbe401e5...
2025/07/06 09:40:06 Successfully encrypted response and cleaned up session ac2af059bbe401e5...
2025/07/06 09:40:06 Received handshake payload from client: 
2025/07/06 09:40:06 Handshake completed for session 0722565bd2acd85d...
2025/07/06 09:40:06 Successfully decrypted call for session 0722565bd2acd85d...
2025/07/06 09:40:06 Successfully encrypted response and cleaned up session 0722565bd2acd85d...
2025/07/06 09:40:06 Received handshake payload from client: 
2025/07/06 09:40:06 Handshake completed for session 11a1111f72b10011...
2025/07/06 09:40:06 Successfully decrypted call for session 11a1111f72b10011...
2025/07/06 09:40:06 Successfully encrypted response and cleaned up session 11a1111f72b10011...
2025/07/06 09:40:06 Received handshake payload from client: test
2025/07/06 09:40:06 Handshake completed for session grUk4/u8lz/N1XkQ...
2025/07/06 09:40:06 Successfully decrypted call for session grUk4/u8lz/N1XkQ...
2025/07/06 09:40:06 Successfully encrypted response and cleaned up session grUk4/u8lz/N1XkQ...
2025/07/06 09:40:06 Received handshake payload from client: 
2025/07/06 09:40:06 Handshake completed for session 47a4dbc95a94e3d4...
2025/07/06 09:40:06 Successfully decrypted call for session 47a4dbc95a94e3d4...
2025/07/06 09:40:06 Successfully encrypted response and cleaned up session 47a4dbc95a94e3d4...
2025/07/06 09:40:06 Received handshake payload from client: 
2025/07/06 09:40:06 Handshake completed for session 76c0441f8b5f807c...
2025/07/06 09:40:06 Successfully decrypted call for session 76c0441f8b5f807c...
2025/07/06 09:40:06 Successfully encrypted response and cleaned up session 76c0441f8b5f807c...
2025/07/06 09:40:06 Received handshake payload from client: test
2025/07/06 09:40:06 Handshake completed for session 1VMheAVUG5L/gYEc...
2025/07/06 09:40:06 Successfully decrypted call for session 1VMheAVUG5L/gYEc...
2025/07/06 09:40:06 Successfully encrypted response and cleaned up session 1VMheAVUG5L/gYEc...
2025/07/06 09:40:06 Received handshake payload from client: 
2025/07/06 09:40:06 Handshake completed for session 55c4d4b2a92b26b1...
2025/07/06 09:40:06 Successfully decrypted call for session 55c4d4b2a92b26b1...
2025/07/06 09:40:06 Successfully encrypted response and cleaned up session 55c4d4b2a92b26b1...
2025/07/06 09:40:06 Received handshake payload from client: 
2025/07/06 09:40:06 Handshake completed for session 6f9500999283e344...
2025/07/06 09:40:06 Successfully decrypted call for session 6f9500999283e344...
2025/07/06 09:40:06 Successfully encrypted response and cleaned up session 6f9500999283e344...
2025/07/06 09:40:07 Received handshake payload from client: test
2025/07/06 09:40:07 Handshake completed for session b/cUnzEFH+yLj9JU...
2025/07/06 09:40:07 Successfully decrypted call for session b/cUnzEFH+yLj9JU...
2025/07/06 09:40:07 Successfully encrypted response and cleaned up session b/cUnzEFH+yLj9JU...
2025/07/06 09:40:07 Received handshake payload from client: 
2025/07/06 09:40:07 Handshake completed for session session_17518200...
2025/07/06 09:40:07 Successfully decrypted call for session session_17518200...
2025/07/06 09:40:07 Successfully encrypted response and cleaned up session session_17518200...
2025/07/06 09:40:07 Received handshake payload from client: 
2025/07/06 09:40:07 Handshake completed for session session_17518200...
2025/07/06 09:40:07 Successfully decrypted call for session session_17518200...
2025/07/06 09:40:07 Successfully encrypted response and cleaned up session session_17518200...
2025/07/06 09:40:07 Received handshake payload from client: test
2025/07/06 09:40:07 Handshake completed for session d7BOPr263cY7pkvP...
2025/07/06 09:40:07 Successfully decrypted call for session d7BOPr263cY7pkvP...
2025/07/06 09:40:07 Successfully encrypted response and cleaned up session d7BOPr263cY7pkvP...
2025/07/06 09:40:07 Received handshake payload from client: test
2025/07/06 09:40:07 Handshake completed for session eWKvshU+Q+wAEoh5...
2025/07/06 09:40:07 Successfully decrypted call for session eWKvshU+Q+wAEoh5...
2025/07/06 09:40:07 Successfully encrypted response and cleaned up session eWKvshU+Q+wAEoh5...
2025/07/06 09:40:07 Received handshake payload from client: test
2025/07/06 09:40:07 Handshake completed for session nd0VNm2rGXA9qaLh...
2025/07/06 09:40:07 Successfully decrypted call for session nd0VNm2rGXA9qaLh...
2025/07/06 09:40:07 Successfully encrypted response and cleaned up session nd0VNm2rGXA9qaLh...
2025/07/06 09:40:08 Received handshake payload from client: test
2025/07/06 09:40:08 Handshake completed for session /Gx5HlbehVEoc0DE...
2025/07/06 09:40:08 Successfully decrypted call for session /Gx5HlbehVEoc0DE...
2025/07/06 09:40:08 Successfully encrypted response and cleaned up session /Gx5HlbehVEoc0DE...
2025/07/06 09:40:08 Received handshake payload from client: test
2025/07/06 09:40:08 Handshake completed for session jrJFfu0efs4b4rai...
2025/07/06 09:40:08 Successfully decrypted call for session jrJFfu0efs4b4rai...
2025/07/06 09:40:08 Successfully encrypted response and cleaned up session jrJFfu0efs4b4rai...
2025/07/06 09:40:08 Received handshake payload from client: test
2025/07/06 09:40:08 Handshake completed for session 3eAxf83DKfKJdX6M...
2025/07/06 09:40:08 Successfully decrypted call for session 3eAxf83DKfKJdX6M...
2025/07/06 09:40:08 Successfully encrypted response and cleaned up session 3eAxf83DKfKJdX6M...
2025/07/06 09:40:08 Received handshake payload from client: 
2025/07/06 09:40:08 Handshake completed for session 36632c83572f4707...
2025/07/06 09:40:08 Successfully decrypted call for session 36632c83572f4707...
2025/07/06 09:40:08 Successfully encrypted response and cleaned up session 36632c83572f4707...
2025/07/06 09:40:08 Received handshake payload from client: 
2025/07/06 09:40:08 Handshake completed for session 6370bd4e03ce6978...
2025/07/06 09:40:08 Successfully decrypted call for session 6370bd4e03ce6978...
2025/07/06 09:40:08 Successfully encrypted response and cleaned up session 6370bd4e03ce6978...
2025/07/06 09:40:08 Received handshake payload from client: 
2025/07/06 09:40:08 Handshake completed for session ddb0d5e1a0010463...
2025/07/06 09:40:08 Successfully decrypted call for session ddb0d5e1a0010463...
2025/07/06 09:40:08 Successfully encrypted response and cleaned up session ddb0d5e1a0010463...
2025/07/06 09:40:08 Received handshake payload from client: 
2025/07/06 09:40:08 Handshake completed for session 3d9a3777b47bfe5f...
2025/07/06 09:40:08 Decryption failed for session 3d9a3777b47bfe5f...: cipher: message authentication failed
2025/07/06 09:40:08 Received handshake payload from client: 
2025/07/06 09:40:08 Handshake completed for session e3b5e0258e5dad92...
2025/07/06 09:40:08 Successfully decrypted call for session e3b5e0258e5dad92...
2025/07/06 09:40:08 Successfully encrypted response and cleaned up session e3b5e0258e5dad92...
2025/07/06 09:40:08 Received handshake payload from client: 
2025/07/06 09:40:08 Handshake completed for session f918a344546eca9d...
2025/07/06 09:40:08 Successfully decrypted call for session f918a344546eca9d...
2025/07/06 09:40:08 Successfully encrypted response and cleaned up session f918a344546eca9d...
2025/07/06 09:40:08 Received handshake payload from client: 
2025/07/06 09:40:08 Handshake completed for session 1ad9b76a6ad8f7d4...
2025/07/06 09:40:08 Successfully decrypted call for session 1ad9b76a6ad8f7d4...
2025/07/06 09:40:08 Successfully encrypted response and cleaned up session 1ad9b76a6ad8f7d4...
2025/07/06 09:40:08 Received handshake payload from client: 
2025/07/06 09:40:08 Handshake completed for session 31665fe37ac8b11f...
2025/07/06 09:40:08 Successfully decrypted call for session 31665fe37ac8b11f...
2025/07/06 09:40:08 Successfully encrypted response and cleaned up session 31665fe37ac8b11f...
2025/07/06 09:40:08 Received handshake payload from client: 
2025/07/06 09:40:08 Handshake completed for session 54cc951979bdd156...
2025/07/06 09:40:08 Successfully decrypted call for session 54cc951979bdd156...
2025/07/06 09:40:08 Successfully encrypted response and cleaned up session 54cc951979bdd156...
2025/07/06 09:40:08 Received handshake payload from client: 
2025/07/06 09:40:08 Handshake completed for session session_17518200...
2025/07/06 09:40:08 Successfully decrypted call for session session_17518200...
2025/07/06 09:40:08 Successfully encrypted response and cleaned up session session_17518200...
2025/07/06 09:40:08 Received handshake payload from client: 
2025/07/06 09:40:08 Handshake completed for session session_17518200...
2025/07/06 09:40:08 Successfully decrypted call for session session_17518200...
2025/07/06 09:40:08 Successfully encrypted response and cleaned up session session_17518200...
2025/07/06 09:40:09 Received handshake payload from client: 
2025/07/06 09:40:09 Handshake completed for session 97fc8a8cea81c3f8...
2025/07/06 09:40:09 Successfully decrypted call for session 97fc8a8cea81c3f8...
2025/07/06 09:40:09 Successfully encrypted response and cleaned up session 97fc8a8cea81c3f8...
2025/07/06 09:40:09 Received handshake payload from client: test
2025/07/06 09:40:09 Handshake completed for session 3CGjyqpqpY82/IZL...
2025/07/06 09:40:09 Successfully decrypted call for session 3CGjyqpqpY82/IZL...
2025/07/06 09:40:09 Successfully encrypted response and cleaned up session 3CGjyqpqpY82/IZL...
2025/07/06 09:40:09 Received handshake payload from client: test
2025/07/06 09:40:09 Handshake completed for session ud1UjoQ1080fT+FZ...
2025/07/06 09:40:09 Successfully decrypted call for session ud1UjoQ1080fT+FZ...
2025/07/06 09:40:09 Successfully encrypted response and cleaned up session ud1UjoQ1080fT+FZ...
2025/07/06 09:40:09 Received handshake payload from client: test
2025/07/06 09:40:09 Handshake completed for session vvdcxRcQT3xTBdW5...
2025/07/06 09:40:09 Successfully decrypted call for session vvdcxRcQT3xTBdW5...
2025/07/06 09:40:09 Successfully encrypted response and cleaned up session vvdcxRcQT3xTBdW5...
2025/07/06 09:40:09 Received handshake payload from client: test
2025/07/06 09:40:09 Handshake completed for session oM+VufjlXkv9Yn43...
2025/07/06 09:40:09 Successfully decrypted call for session oM+VufjlXkv9Yn43...
2025/07/06 09:40:09 Successfully encrypted response and cleaned up session oM+VufjlXkv9Yn43...
2025/07/06 09:40:09 Received handshake payload from client: 
2025/07/06 09:40:09 Handshake completed for session 6adcdc4d4573fff1...
2025/07/06 09:40:09 Successfully decrypted call for session 6adcdc4d4573fff1...
2025/07/06 09:40:09 Successfully encrypted response and cleaned up session 6adcdc4d4573fff1...
2025/07/06 09:40:09 Received handshake payload from client: 
2025/07/06 09:40:09 Handshake completed for session cd994f040b02814b...
2025/07/06 09:40:09 Successfully decrypted call for session cd994f040b02814b...
2025/07/06 09:40:09 Successfully encrypted response and cleaned up session cd994f040b02814b...
2025/07/06 09:40:09 Received handshake payload from client: 
2025/07/06 09:40:09 Handshake completed for session 08bde6d29d48189a...
2025/07/06 09:40:09 Successfully decrypted call for session 08bde6d29d48189a...
2025/07/06 09:40:09 Successfully encrypted response and cleaned up session 08bde6d29d48189a...
2025/07/06 09:40:09 Received handshake payload from client: 
2025/07/06 09:40:09 Handshake completed for session 02ded1f6e16bac42...
2025/07/06 09:40:09 Successfully decrypted call for session 02ded1f6e16bac42...
2025/07/06 09:40:09 Successfully encrypted response and cleaned up session 02ded1f6e16bac42...
