2025/07/01 10:35:10 Generating new server key pair...
2025/07/01 10:35:10 Generated and stored new server key pair
2025/07/01 10:35:10 🐛 Enabling Noise-NK debug mode for detailed logging
2025/07/01 10:35:10 Noise-NK session manager initialized with public key: 5e82b4a8080014034cc6a0fa19f9c44a...
2025/07/01 10:35:10 Starting OpenADP JSON-RPC server on :8080
2025/07/01 10:35:10 Database: /tmp/tmp7hszbick_test_server_8080.db
2025/07/01 10:35:10 Authentication: true
2025/07/01 10:35:10 Server public key: XoK0qAgAFANMxqD6GfnESjv6rUoQZY2j...
2025/07/01 10:35:25 Received handshake payload from client: 
2025/07/01 10:35:25 Handshake completed for session ce3a80872a9353b1...
2025/07/01 10:35:25 Successfully decrypted call for session ce3a80872a9353b1...
2025/07/01 10:35:25 Successfully encrypted response and cleaned up session ce3a80872a9353b1...
2025/07/01 10:35:25 Received handshake payload from client: 
2025/07/01 10:35:25 Handshake completed for session 75d29335782cc00c...
2025/07/01 10:35:25 Successfully decrypted call for session 75d29335782cc00c...
2025/07/01 10:35:25 Successfully encrypted response and cleaned up session 75d29335782cc00c...
2025/07/01 10:35:25 Received handshake payload from client: 
2025/07/01 10:35:25 Handshake completed for session df2f02b69316b53f...
2025/07/01 10:35:25 Successfully decrypted call for session df2f02b69316b53f...
2025/07/01 10:35:25 Successfully encrypted response and cleaned up session df2f02b69316b53f...
2025/07/01 10:35:25 Received handshake payload from client: 
2025/07/01 10:35:25 Handshake completed for session 2057ad2e5ad84766...
2025/07/01 10:35:25 Successfully decrypted call for session 2057ad2e5ad84766...
2025/07/01 10:35:25 Successfully encrypted response and cleaned up session 2057ad2e5ad84766...
2025/07/01 10:35:26 Received handshake payload from client: 
2025/07/01 10:35:26 Handshake completed for session 29e86ca43a90fff4...
2025/07/01 10:35:26 Successfully decrypted call for session 29e86ca43a90fff4...
2025/07/01 10:35:26 Successfully encrypted response and cleaned up session 29e86ca43a90fff4...
2025/07/01 10:35:26 Received handshake payload from client: 
2025/07/01 10:35:26 Handshake completed for session 6de3925d8c3d2519...
2025/07/01 10:35:26 Successfully decrypted call for session 6de3925d8c3d2519...
2025/07/01 10:35:26 Successfully encrypted response and cleaned up session 6de3925d8c3d2519...
2025/07/01 10:35:26 Received handshake payload from client: 
2025/07/01 10:35:26 Handshake completed for session 229be7f517a7f1fc...
2025/07/01 10:35:26 Successfully decrypted call for session 229be7f517a7f1fc...
2025/07/01 10:35:26 Successfully encrypted response and cleaned up session 229be7f517a7f1fc...
2025/07/01 10:35:26 Received handshake payload from client: 
2025/07/01 10:35:26 Handshake completed for session session_17513913...
2025/07/01 10:35:26 Successfully decrypted call for session session_17513913...
2025/07/01 10:35:26 Successfully encrypted response and cleaned up session session_17513913...
2025/07/01 10:35:26 Received handshake payload from client: 
2025/07/01 10:35:26 Handshake completed for session session_17513913...
2025/07/01 10:35:26 Successfully decrypted call for session session_17513913...
2025/07/01 10:35:26 Successfully encrypted response and cleaned up session session_17513913...
2025/07/01 10:35:26 Received handshake payload from client: 
2025/07/01 10:35:26 Handshake completed for session ca12868358760a81...
2025/07/01 10:35:26 Successfully decrypted call for session ca12868358760a81...
2025/07/01 10:35:26 Successfully encrypted response and cleaned up session ca12868358760a81...
2025/07/01 10:35:26 Received handshake payload from client: test
2025/07/01 10:35:26 Handshake completed for session W+YwaNCaCcvnDZLb...
2025/07/01 10:35:26 Successfully decrypted call for session W+YwaNCaCcvnDZLb...
2025/07/01 10:35:26 Successfully encrypted response and cleaned up session W+YwaNCaCcvnDZLb...
2025/07/01 10:35:26 Received handshake payload from client: test
2025/07/01 10:35:26 Handshake completed for session 9j87JIrQ1roQP42F...
2025/07/01 10:35:26 Successfully decrypted call for session 9j87JIrQ1roQP42F...
2025/07/01 10:35:26 Successfully encrypted response and cleaned up session 9j87JIrQ1roQP42F...
2025/07/01 10:35:26 Received handshake payload from client: test
2025/07/01 10:35:26 Handshake completed for session NV2b04FvM1YuZCDI...
2025/07/01 10:35:26 Successfully decrypted call for session NV2b04FvM1YuZCDI...
2025/07/01 10:35:26 Successfully encrypted response and cleaned up session NV2b04FvM1YuZCDI...
2025/07/01 10:35:27 Received handshake payload from client: test
2025/07/01 10:35:27 Handshake completed for session 17WefgpS3RMIrgS1...
2025/07/01 10:35:27 Successfully decrypted call for session 17WefgpS3RMIrgS1...
2025/07/01 10:35:27 Successfully encrypted response and cleaned up session 17WefgpS3RMIrgS1...
2025/07/01 10:35:27 Received handshake payload from client: 
2025/07/01 10:35:27 Handshake completed for session 91e5725f7e889f10...
2025/07/01 10:35:27 Successfully decrypted call for session 91e5725f7e889f10...
2025/07/01 10:35:27 Successfully encrypted response and cleaned up session 91e5725f7e889f10...
2025/07/01 10:35:27 Received handshake payload from client: 
2025/07/01 10:35:27 Handshake completed for session 3c9f640fc56d29ac...
2025/07/01 10:35:27 Successfully decrypted call for session 3c9f640fc56d29ac...
2025/07/01 10:35:27 Successfully encrypted response and cleaned up session 3c9f640fc56d29ac...
2025/07/01 10:35:27 Received handshake payload from client: 
2025/07/01 10:35:27 Handshake completed for session 7ba093402a625b9f...
2025/07/01 10:35:27 Successfully decrypted call for session 7ba093402a625b9f...
2025/07/01 10:35:27 Successfully encrypted response and cleaned up session 7ba093402a625b9f...
2025/07/01 10:35:27 Received handshake payload from client: 
2025/07/01 10:35:27 Handshake completed for session ee6cba940fa26eb7...
2025/07/01 10:35:27 Successfully decrypted call for session ee6cba940fa26eb7...
2025/07/01 10:35:27 Successfully encrypted response and cleaned up session ee6cba940fa26eb7...
2025/07/01 10:35:27 Received handshake payload from client: 
2025/07/01 10:35:27 Handshake completed for session e3434f6486e332fe...
2025/07/01 10:35:27 Successfully decrypted call for session e3434f6486e332fe...
2025/07/01 10:35:27 Successfully encrypted response and cleaned up session e3434f6486e332fe...
2025/07/01 10:35:27 Received handshake payload from client: 
2025/07/01 10:35:27 Handshake completed for session fff6e69436ff3c8b...
2025/07/01 10:35:27 Successfully decrypted call for session fff6e69436ff3c8b...
2025/07/01 10:35:27 Successfully encrypted response and cleaned up session fff6e69436ff3c8b...
2025/07/01 10:35:27 Received handshake payload from client: 
2025/07/01 10:35:27 Handshake completed for session dbe43518335e1366...
2025/07/01 10:35:27 Successfully decrypted call for session dbe43518335e1366...
2025/07/01 10:35:27 Successfully encrypted response and cleaned up session dbe43518335e1366...
2025/07/01 10:35:27 Received handshake payload from client: 
2025/07/01 10:35:27 Handshake completed for session 47c6be93c7109cb0...
2025/07/01 10:35:27 Successfully decrypted call for session 47c6be93c7109cb0...
2025/07/01 10:35:27 Successfully encrypted response and cleaned up session 47c6be93c7109cb0...
2025/07/01 10:35:27 Received handshake payload from client: 
2025/07/01 10:35:27 Handshake completed for session 75fa3891b07affb4...
2025/07/01 10:35:27 Successfully decrypted call for session 75fa3891b07affb4...
2025/07/01 10:35:27 Successfully encrypted response and cleaned up session 75fa3891b07affb4...
2025/07/01 10:35:27 Received handshake payload from client: 
2025/07/01 10:35:27 Handshake completed for session f69e83cde676a1bf...
2025/07/01 10:35:27 Successfully decrypted call for session f69e83cde676a1bf...
2025/07/01 10:35:27 Successfully encrypted response and cleaned up session f69e83cde676a1bf...
2025/07/01 10:35:28 Received handshake payload from client: 
2025/07/01 10:35:28 Handshake completed for session 4f1cbecbd8533078...
2025/07/01 10:35:28 Successfully decrypted call for session 4f1cbecbd8533078...
2025/07/01 10:35:28 Successfully encrypted response and cleaned up session 4f1cbecbd8533078...
2025/07/01 10:35:28 Received handshake payload from client: 
2025/07/01 10:35:28 Handshake completed for session session_17513913...
2025/07/01 10:35:28 Successfully decrypted call for session session_17513913...
2025/07/01 10:35:28 Successfully encrypted response and cleaned up session session_17513913...
2025/07/01 10:35:28 Received handshake payload from client: 
2025/07/01 10:35:28 Handshake completed for session session_17513913...
2025/07/01 10:35:28 Successfully decrypted call for session session_17513913...
2025/07/01 10:35:28 Successfully encrypted response and cleaned up session session_17513913...
2025/07/01 10:35:28 Received handshake payload from client: 
2025/07/01 10:35:28 Handshake completed for session f00eb3b817fcc020...
2025/07/01 10:35:28 Successfully decrypted call for session f00eb3b817fcc020...
2025/07/01 10:35:28 Successfully encrypted response and cleaned up session f00eb3b817fcc020...
2025/07/01 10:35:28 Received handshake payload from client: test
2025/07/01 10:35:28 Handshake completed for session EUJMKkanMBEHwlTz...
2025/07/01 10:35:28 Successfully decrypted call for session EUJMKkanMBEHwlTz...
2025/07/01 10:35:28 Successfully encrypted response and cleaned up session EUJMKkanMBEHwlTz...
2025/07/01 10:35:28 Received handshake payload from client: test
2025/07/01 10:35:28 Handshake completed for session CQpkMsQTWpUAAvfq...
2025/07/01 10:35:28 Successfully decrypted call for session CQpkMsQTWpUAAvfq...
2025/07/01 10:35:28 Successfully encrypted response and cleaned up session CQpkMsQTWpUAAvfq...
2025/07/01 10:35:28 Received handshake payload from client: test
2025/07/01 10:35:28 Handshake completed for session PTpGAiBbL7rnW0qN...
2025/07/01 10:35:28 Successfully decrypted call for session PTpGAiBbL7rnW0qN...
2025/07/01 10:35:28 Successfully encrypted response and cleaned up session PTpGAiBbL7rnW0qN...
2025/07/01 10:35:29 Received handshake payload from client: test
2025/07/01 10:35:29 Handshake completed for session HntvXVwF3O3BpMy8...
2025/07/01 10:35:29 Successfully decrypted call for session HntvXVwF3O3BpMy8...
2025/07/01 10:35:29 Successfully encrypted response and cleaned up session HntvXVwF3O3BpMy8...
2025/07/01 10:35:29 Received handshake payload from client: 
2025/07/01 10:35:29 Handshake completed for session de5eeef3ac2f0302...
2025/07/01 10:35:29 Successfully decrypted call for session de5eeef3ac2f0302...
2025/07/01 10:35:29 Successfully encrypted response and cleaned up session de5eeef3ac2f0302...
2025/07/01 10:35:29 Received handshake payload from client: 
2025/07/01 10:35:29 Handshake completed for session 0df70cd516e3a3bf...
2025/07/01 10:35:29 Successfully decrypted call for session 0df70cd516e3a3bf...
2025/07/01 10:35:29 Successfully encrypted response and cleaned up session 0df70cd516e3a3bf...
2025/07/01 10:35:29 Received handshake payload from client: 
2025/07/01 10:35:29 Handshake completed for session 496e30dfd9911be9...
2025/07/01 10:35:29 Successfully decrypted call for session 496e30dfd9911be9...
2025/07/01 10:35:29 Successfully encrypted response and cleaned up session 496e30dfd9911be9...
2025/07/01 10:35:29 Received handshake payload from client: 
2025/07/01 10:35:29 Handshake completed for session 9b9c7b6901d2d39e...
2025/07/01 10:35:29 Successfully decrypted call for session 9b9c7b6901d2d39e...
2025/07/01 10:35:29 Successfully encrypted response and cleaned up session 9b9c7b6901d2d39e...
2025/07/01 10:35:29 Received handshake payload from client: 
2025/07/01 10:35:29 Handshake completed for session session_17513913...
2025/07/01 10:35:29 Successfully decrypted call for session session_17513913...
2025/07/01 10:35:29 Successfully encrypted response and cleaned up session session_17513913...
2025/07/01 10:35:29 Received handshake payload from client: 
2025/07/01 10:35:29 Handshake completed for session f99b7fef80e08b5b...
2025/07/01 10:35:29 Successfully decrypted call for session f99b7fef80e08b5b...
2025/07/01 10:35:29 Successfully encrypted response and cleaned up session f99b7fef80e08b5b...
2025/07/01 10:35:29 Received handshake payload from client: 
2025/07/01 10:35:29 Handshake completed for session a4bf8fa6c4a4c6ae...
2025/07/01 10:35:29 Successfully decrypted call for session a4bf8fa6c4a4c6ae...
2025/07/01 10:35:29 Successfully encrypted response and cleaned up session a4bf8fa6c4a4c6ae...
2025/07/01 10:35:29 Received handshake payload from client: 
2025/07/01 10:35:29 Handshake completed for session session_17513913...
2025/07/01 10:35:29 Successfully decrypted call for session session_17513913...
2025/07/01 10:35:29 Successfully encrypted response and cleaned up session session_17513913...
2025/07/01 10:35:29 Received handshake payload from client: 
2025/07/01 10:35:29 Handshake completed for session 4e63e2736784b963...
2025/07/01 10:35:29 Successfully decrypted call for session 4e63e2736784b963...
2025/07/01 10:35:29 Successfully encrypted response and cleaned up session 4e63e2736784b963...
2025/07/01 10:35:29 Received handshake payload from client: 
2025/07/01 10:35:29 Handshake completed for session e35ed9a8be3059f5...
2025/07/01 10:35:29 Successfully decrypted call for session e35ed9a8be3059f5...
2025/07/01 10:35:29 Successfully encrypted response and cleaned up session e35ed9a8be3059f5...
2025/07/01 10:35:30 Received handshake payload from client: 
2025/07/01 10:35:30 Handshake completed for session session_17513913...
2025/07/01 10:35:30 Successfully decrypted call for session session_17513913...
2025/07/01 10:35:30 Successfully encrypted response and cleaned up session session_17513913...
2025/07/01 10:35:30 Received handshake payload from client: 
2025/07/01 10:35:30 Handshake completed for session session_17513913...
2025/07/01 10:35:30 Successfully decrypted call for session session_17513913...
2025/07/01 10:35:30 Successfully encrypted response and cleaned up session session_17513913...
2025/07/01 10:35:30 Received handshake payload from client: 
2025/07/01 10:35:30 Handshake completed for session session_17513913...
2025/07/01 10:35:30 Successfully decrypted call for session session_17513913...
2025/07/01 10:35:30 Successfully encrypted response and cleaned up session session_17513913...
2025/07/01 10:35:30 Received handshake payload from client: 
2025/07/01 10:35:30 Handshake completed for session session_17513913...
2025/07/01 10:35:30 Successfully decrypted call for session session_17513913...
2025/07/01 10:35:30 Successfully encrypted response and cleaned up session session_17513913...
2025/07/01 10:35:30 Received handshake payload from client: test
2025/07/01 10:35:30 Handshake completed for session oNaKXKWJzTnydhi9...
2025/07/01 10:35:30 Successfully decrypted call for session oNaKXKWJzTnydhi9...
2025/07/01 10:35:30 Successfully encrypted response and cleaned up session oNaKXKWJzTnydhi9...
2025/07/01 10:35:30 Received handshake payload from client: test
2025/07/01 10:35:30 Handshake completed for session 05iu8XUffuDIFv18...
2025/07/01 10:35:30 Successfully decrypted call for session 05iu8XUffuDIFv18...
2025/07/01 10:35:30 Successfully encrypted response and cleaned up session 05iu8XUffuDIFv18...
2025/07/01 10:35:30 Received handshake payload from client: test
2025/07/01 10:35:30 Handshake completed for session 53SfQrvTmLB25zR1...
2025/07/01 10:35:30 Successfully decrypted call for session 53SfQrvTmLB25zR1...
2025/07/01 10:35:30 Successfully encrypted response and cleaned up session 53SfQrvTmLB25zR1...
2025/07/01 10:35:31 Received handshake payload from client: test
2025/07/01 10:35:31 Handshake completed for session Gbo11Upk200xhcdD...
2025/07/01 10:35:31 Successfully decrypted call for session Gbo11Upk200xhcdD...
2025/07/01 10:35:31 Successfully encrypted response and cleaned up session Gbo11Upk200xhcdD...
2025/07/01 10:35:31 Received handshake payload from client: 
2025/07/01 10:35:31 Handshake completed for session session_17513913...
2025/07/01 10:35:31 Successfully decrypted call for session session_17513913...
2025/07/01 10:35:31 Successfully encrypted response and cleaned up session session_17513913...
2025/07/01 10:35:31 Received handshake payload from client: 
2025/07/01 10:35:31 Handshake completed for session 62d4edbb1cc988cd...
2025/07/01 10:35:31 Successfully decrypted call for session 62d4edbb1cc988cd...
2025/07/01 10:35:31 Successfully encrypted response and cleaned up session 62d4edbb1cc988cd...
2025/07/01 10:35:31 Received handshake payload from client: 
2025/07/01 10:35:31 Handshake completed for session ba164f2cc690ca54...
2025/07/01 10:35:31 Successfully decrypted call for session ba164f2cc690ca54...
2025/07/01 10:35:31 Successfully encrypted response and cleaned up session ba164f2cc690ca54...
2025/07/01 10:35:31 Received handshake payload from client: 
2025/07/01 10:35:31 Handshake completed for session ec4eff972502f377...
2025/07/01 10:35:31 Successfully decrypted call for session ec4eff972502f377...
2025/07/01 10:35:31 Successfully encrypted response and cleaned up session ec4eff972502f377...
2025/07/01 10:35:31 Received handshake payload from client: test
2025/07/01 10:35:31 Handshake completed for session qKIeaQtHQTE2lQLf...
2025/07/01 10:35:31 Successfully decrypted call for session qKIeaQtHQTE2lQLf...
2025/07/01 10:35:31 Successfully encrypted response and cleaned up session qKIeaQtHQTE2lQLf...
2025/07/01 10:35:31 Received handshake payload from client: 
2025/07/01 10:35:31 Handshake completed for session e8d76f3ba1e82863...
2025/07/01 10:35:31 Successfully decrypted call for session e8d76f3ba1e82863...
2025/07/01 10:35:31 Successfully encrypted response and cleaned up session e8d76f3ba1e82863...
2025/07/01 10:35:31 Received handshake payload from client: 
2025/07/01 10:35:31 Handshake completed for session 0b248cd35f8d6ebd...
2025/07/01 10:35:31 Successfully decrypted call for session 0b248cd35f8d6ebd...
2025/07/01 10:35:31 Successfully encrypted response and cleaned up session 0b248cd35f8d6ebd...
2025/07/01 10:35:31 Received handshake payload from client: test
2025/07/01 10:35:31 Handshake completed for session KEdDcLJy+VtL7r4p...
2025/07/01 10:35:31 Successfully decrypted call for session KEdDcLJy+VtL7r4p...
2025/07/01 10:35:31 Successfully encrypted response and cleaned up session KEdDcLJy+VtL7r4p...
2025/07/01 10:35:31 Received handshake payload from client: 
2025/07/01 10:35:31 Handshake completed for session 82decca6be30dda8...
2025/07/01 10:35:31 Successfully decrypted call for session 82decca6be30dda8...
2025/07/01 10:35:31 Successfully encrypted response and cleaned up session 82decca6be30dda8...
2025/07/01 10:35:31 Received handshake payload from client: 
2025/07/01 10:35:31 Handshake completed for session 6d9be460addbc3d0...
2025/07/01 10:35:31 Successfully decrypted call for session 6d9be460addbc3d0...
2025/07/01 10:35:31 Successfully encrypted response and cleaned up session 6d9be460addbc3d0...
2025/07/01 10:35:32 Received handshake payload from client: test
2025/07/01 10:35:32 Handshake completed for session 2M/qlFVFCDQdlwnF...
2025/07/01 10:35:32 Successfully decrypted call for session 2M/qlFVFCDQdlwnF...
2025/07/01 10:35:32 Successfully encrypted response and cleaned up session 2M/qlFVFCDQdlwnF...
2025/07/01 10:35:32 Received handshake payload from client: 
2025/07/01 10:35:32 Handshake completed for session session_17513913...
2025/07/01 10:35:32 Successfully decrypted call for session session_17513913...
2025/07/01 10:35:32 Successfully encrypted response and cleaned up session session_17513913...
2025/07/01 10:35:32 Received handshake payload from client: 
2025/07/01 10:35:32 Handshake completed for session session_17513913...
2025/07/01 10:35:32 Successfully decrypted call for session session_17513913...
2025/07/01 10:35:32 Successfully encrypted response and cleaned up session session_17513913...
2025/07/01 10:35:32 Received handshake payload from client: test
2025/07/01 10:35:32 Handshake completed for session ux93RG008/RDki+V...
2025/07/01 10:35:32 Successfully decrypted call for session ux93RG008/RDki+V...
2025/07/01 10:35:32 Successfully encrypted response and cleaned up session ux93RG008/RDki+V...
2025/07/01 10:35:32 Received handshake payload from client: test
2025/07/01 10:35:32 Handshake completed for session C3oHijRZUvswHVb6...
2025/07/01 10:35:32 Successfully decrypted call for session C3oHijRZUvswHVb6...
2025/07/01 10:35:32 Successfully encrypted response and cleaned up session C3oHijRZUvswHVb6...
2025/07/01 10:35:32 Received handshake payload from client: test
2025/07/01 10:35:32 Handshake completed for session JRuxEryEhVC/ISo0...
2025/07/01 10:35:32 Successfully decrypted call for session JRuxEryEhVC/ISo0...
2025/07/01 10:35:32 Successfully encrypted response and cleaned up session JRuxEryEhVC/ISo0...
2025/07/01 10:35:32 Received handshake payload from client: test
2025/07/01 10:35:32 Handshake completed for session f9PUd+SfrRYzLkvI...
2025/07/01 10:35:32 Successfully decrypted call for session f9PUd+SfrRYzLkvI...
2025/07/01 10:35:32 Successfully encrypted response and cleaned up session f9PUd+SfrRYzLkvI...
2025/07/01 10:35:33 Received handshake payload from client: test
2025/07/01 10:35:33 Handshake completed for session 2qmE8beGWP0ew7AB...
2025/07/01 10:35:33 Successfully decrypted call for session 2qmE8beGWP0ew7AB...
2025/07/01 10:35:33 Successfully encrypted response and cleaned up session 2qmE8beGWP0ew7AB...
2025/07/01 10:35:33 Received handshake payload from client: test
2025/07/01 10:35:33 Handshake completed for session 6DPKC5AT+s8PozGt...
2025/07/01 10:35:33 Successfully decrypted call for session 6DPKC5AT+s8PozGt...
2025/07/01 10:35:33 Successfully encrypted response and cleaned up session 6DPKC5AT+s8PozGt...
2025/07/01 10:35:33 Received handshake payload from client: 
2025/07/01 10:35:33 Handshake completed for session 315ab2612d57084f...
2025/07/01 10:35:33 Successfully decrypted call for session 315ab2612d57084f...
2025/07/01 10:35:33 Successfully encrypted response and cleaned up session 315ab2612d57084f...
2025/07/01 10:35:33 Received handshake payload from client: 
2025/07/01 10:35:33 Handshake completed for session 6b1d0ba8ff14fd47...
2025/07/01 10:35:33 Successfully decrypted call for session 6b1d0ba8ff14fd47...
2025/07/01 10:35:33 Successfully encrypted response and cleaned up session 6b1d0ba8ff14fd47...
2025/07/01 10:35:33 Received handshake payload from client: 
2025/07/01 10:35:33 Handshake completed for session 79ec648ab548e1e7...
2025/07/01 10:35:33 Successfully decrypted call for session 79ec648ab548e1e7...
2025/07/01 10:35:33 Successfully encrypted response and cleaned up session 79ec648ab548e1e7...
2025/07/01 10:35:33 Received handshake payload from client: 
2025/07/01 10:35:33 Handshake completed for session 590b1daf34fad551...
2025/07/01 10:35:33 Successfully decrypted call for session 590b1daf34fad551...
2025/07/01 10:35:33 Successfully encrypted response and cleaned up session 590b1daf34fad551...
2025/07/01 10:35:33 Received handshake payload from client: 
2025/07/01 10:35:33 Handshake completed for session 50fc16ed15041ad0...
2025/07/01 10:35:33 Successfully decrypted call for session 50fc16ed15041ad0...
2025/07/01 10:35:33 Successfully encrypted response and cleaned up session 50fc16ed15041ad0...
2025/07/01 10:35:33 Received handshake payload from client: 
2025/07/01 10:35:33 Handshake completed for session 3e47f8eaf08e58d6...
2025/07/01 10:35:33 Successfully decrypted call for session 3e47f8eaf08e58d6...
2025/07/01 10:35:33 Successfully encrypted response and cleaned up session 3e47f8eaf08e58d6...
2025/07/01 10:35:33 Received handshake payload from client: 
2025/07/01 10:35:33 Handshake completed for session 893eb7e6cb6f2969...
2025/07/01 10:35:33 Successfully decrypted call for session 893eb7e6cb6f2969...
2025/07/01 10:35:33 Successfully encrypted response and cleaned up session 893eb7e6cb6f2969...
2025/07/01 10:35:33 Received handshake payload from client: 
2025/07/01 10:35:33 Handshake completed for session 4ba8e891d8d48ea8...
2025/07/01 10:35:33 Successfully decrypted call for session 4ba8e891d8d48ea8...
2025/07/01 10:35:33 Successfully encrypted response and cleaned up session 4ba8e891d8d48ea8...
2025/07/01 10:35:33 Received handshake payload from client: 
2025/07/01 10:35:33 Handshake completed for session 8a70ff0a440faf56...
2025/07/01 10:35:33 Successfully decrypted call for session 8a70ff0a440faf56...
2025/07/01 10:35:33 Successfully encrypted response and cleaned up session 8a70ff0a440faf56...
2025/07/01 10:35:33 Received handshake payload from client: 
2025/07/01 10:35:33 Handshake completed for session dedb00857d4443d4...
2025/07/01 10:35:33 Successfully decrypted call for session dedb00857d4443d4...
2025/07/01 10:35:33 Successfully encrypted response and cleaned up session dedb00857d4443d4...
2025/07/01 10:35:34 Received handshake payload from client: 
2025/07/01 10:35:34 Handshake completed for session session_17513913...
2025/07/01 10:35:34 Successfully decrypted call for session session_17513913...
2025/07/01 10:35:34 Successfully encrypted response and cleaned up session session_17513913...
2025/07/01 10:35:34 Received handshake payload from client: 
2025/07/01 10:35:34 Handshake completed for session session_17513913...
2025/07/01 10:35:34 Successfully decrypted call for session session_17513913...
2025/07/01 10:35:34 Successfully encrypted response and cleaned up session session_17513913...
2025/07/01 10:35:34 Received handshake payload from client: 
2025/07/01 10:35:34 Handshake completed for session ea96610cd39e081d...
2025/07/01 10:35:34 Successfully decrypted call for session ea96610cd39e081d...
2025/07/01 10:35:34 Successfully encrypted response and cleaned up session ea96610cd39e081d...
2025/07/01 10:35:34 Received handshake payload from client: test
2025/07/01 10:35:34 Handshake completed for session t0glidK7lO5cv3H2...
2025/07/01 10:35:34 Successfully decrypted call for session t0glidK7lO5cv3H2...
2025/07/01 10:35:34 Successfully encrypted response and cleaned up session t0glidK7lO5cv3H2...
2025/07/01 10:35:34 Received handshake payload from client: test
2025/07/01 10:35:34 Handshake completed for session qQdPr0rYeh5UKYBv...
2025/07/01 10:35:34 Successfully decrypted call for session qQdPr0rYeh5UKYBv...
2025/07/01 10:35:34 Successfully encrypted response and cleaned up session qQdPr0rYeh5UKYBv...
2025/07/01 10:35:34 Received handshake payload from client: test
2025/07/01 10:35:34 Handshake completed for session 79C+aNF+aJ0Pkv4V...
2025/07/01 10:35:34 Successfully decrypted call for session 79C+aNF+aJ0Pkv4V...
2025/07/01 10:35:34 Successfully encrypted response and cleaned up session 79C+aNF+aJ0Pkv4V...
2025/07/01 10:35:35 Received handshake payload from client: test
2025/07/01 10:35:35 Handshake completed for session DMcDIUyRYnPs2hxp...
2025/07/01 10:35:35 Successfully decrypted call for session DMcDIUyRYnPs2hxp...
2025/07/01 10:35:35 Successfully encrypted response and cleaned up session DMcDIUyRYnPs2hxp...
2025/07/01 10:35:35 Received handshake payload from client: 
2025/07/01 10:35:35 Handshake completed for session 97b8adbf2ed04516...
2025/07/01 10:35:35 Successfully decrypted call for session 97b8adbf2ed04516...
2025/07/01 10:35:35 Successfully encrypted response and cleaned up session 97b8adbf2ed04516...
2025/07/01 10:35:35 Received handshake payload from client: 
2025/07/01 10:35:35 Handshake completed for session 725860979974fa10...
2025/07/01 10:35:35 Successfully decrypted call for session 725860979974fa10...
2025/07/01 10:35:35 Successfully encrypted response and cleaned up session 725860979974fa10...
2025/07/01 10:35:35 Received handshake payload from client: 
2025/07/01 10:35:35 Handshake completed for session 5f30a134c2b95b49...
2025/07/01 10:35:35 Successfully decrypted call for session 5f30a134c2b95b49...
2025/07/01 10:35:35 Successfully encrypted response and cleaned up session 5f30a134c2b95b49...
2025/07/01 10:35:35 Received handshake payload from client: 
2025/07/01 10:35:35 Handshake completed for session 859725bebc0e632a...
2025/07/01 10:35:35 Successfully decrypted call for session 859725bebc0e632a...
2025/07/01 10:35:35 Successfully encrypted response and cleaned up session 859725bebc0e632a...
